2024-05-27 14:09:12,916 - root - INFO - Min time is 1332565200, Train time is 8, Val time is 12, Test time is 16, Time unit is 86400
2024-05-27 14:09:54,358 - root - INFO - Total Trans num is 602253, Train cas num is 13802, Val cas num is 2958, Test cas num is 2958
2024-05-27 14:09:54,486 - root - INFO - Time cost for loading data is 60.36467170715332s
2024-05-27 14:09:54,489 - root - INFO - {'dataset': 'twitter', 'bs': 50, 'prefix': 'std_twitter_CTCP', 'epoch': 150, 'lr': 0.0001, 'run': 1, 'gpu': 0, 'node_dim': 64, 'time_dim': 16, 'patience': 15, 'dropout': 0.6, 'predictor': 'merge', 'embedding_module': 'aggregate', 'single': False, 'use_static': True, 'use_dynamic': True, 'use_structural': True, 'use_temporal': True, 'lambda': 0.1, 'subtest': False, 'model_path': 'saved_models/std_twitter_CTCP', 'result_path': 'results/std_twitter_CTCP', 'log_path': 'log/std_twitter_CTCP.log', 'observe_time': 2, 'sub_observe_time': 1, 'predict_time': 500, 'time_unit': 86400, 'train_time': 8, 'val_time': 12, 'test_time': 16, 'min_cas_size': 11, 'max_cas_size': 100, 'max_time': {'user': 1, 'cas': 2}, 'node_num': {'user': 179288, 'cas': 19718}, 'max_global_time': 19.34800925925926}
2024-05-27 14:09:54,528 - root - INFO - begin runs:0
2024-05-27 14:09:58,928 - root - INFO - Start training citation
2024-05-27 14:09:58,930 - root - INFO - Epoch 0:
2024-05-27 19:05:40,745 - root - INFO - Epoch0: time_cost:8414.691306114197 train_loss:6.380930358655699
2024-05-27 19:05:40,745 - root - INFO - train: loss:7.9099	msle:7.8707	male:2.2320	mape:0.4012	pcc:0.8185
2024-05-27 19:05:40,745 - root - INFO - val: loss:8.2963	msle:8.3328	male:2.2893	mape:0.4084	pcc:0.7886
2024-05-27 19:05:40,745 - root - INFO - test: loss:7.9228	msle:8.1258	male:2.2802	mape:0.4074	pcc:0.8073
2024-05-27 19:05:42,792 - root - INFO - Epoch 1:
2024-05-27 21:11:42,401 - root - INFO - Epoch1: time_cost:6808.08610367775 train_loss:4.004399059461159
2024-05-27 21:11:42,401 - root - INFO - train: loss:7.4320	msle:7.3186	male:2.1428	mape:0.3862	pcc:0.8311
2024-05-27 21:11:42,401 - root - INFO - val: loss:7.8702	msle:7.8411	male:2.2077	mape:0.3960	pcc:0.7980
2024-05-27 21:11:42,401 - root - INFO - test: loss:7.4902	msle:7.6259	male:2.1995	mape:0.3955	pcc:0.8153
2024-05-27 21:11:44,381 - root - INFO - Epoch 2:
2024-05-27 21:40:02,919 - root - INFO - Epoch2: time_cost:944.9650340080261 train_loss:3.866615866455697
2024-05-27 21:40:02,920 - root - INFO - train: loss:7.0899	msle:6.7785	male:2.0504	mape:0.3731	pcc:0.8348
2024-05-27 21:40:02,920 - root - INFO - val: loss:7.5258	msle:7.3921	male:2.1271	mape:0.3860	pcc:0.7981
2024-05-27 21:40:02,920 - root - INFO - test: loss:7.1091	msle:7.1364	male:2.1177	mape:0.3860	pcc:0.8163
2024-05-27 21:40:04,945 - root - INFO - Epoch 3:
2024-05-27 22:08:08,642 - root - INFO - Epoch3: time_cost:945.7300374507904 train_loss:3.728675846080801
2024-05-27 22:08:08,643 - root - INFO - train: loss:6.2824	msle:5.8161	male:1.8745	mape:0.3512	pcc:0.8436
2024-05-27 22:08:08,643 - root - INFO - val: loss:6.8101	msle:6.5619	male:1.9687	mape:0.3683	pcc:0.8025
2024-05-27 22:08:08,643 - root - INFO - test: loss:6.3358	msle:6.2472	male:1.9539	mape:0.3688	pcc:0.8207
2024-05-27 22:08:10,593 - root - INFO - Epoch 4:
2024-05-27 22:36:02,746 - root - INFO - Epoch4: time_cost:932.3872382640839 train_loss:3.61624091091357
2024-05-27 22:36:02,746 - root - INFO - train: loss:6.0606	msle:5.5544	male:1.8094	mape:0.3379	pcc:0.8475
2024-05-27 22:36:02,746 - root - INFO - val: loss:6.6749	msle:6.3814	male:1.9200	mape:0.3600	pcc:0.8023
2024-05-27 22:36:02,746 - root - INFO - test: loss:6.1871	msle:6.0624	male:1.9026	mape:0.3602	pcc:0.8200
2024-05-27 22:36:04,721 - root - INFO - Epoch 5:
2024-05-27 23:03:57,059 - root - INFO - Epoch5: time_cost:934.3233969211578 train_loss:3.4927663616078033
2024-05-27 23:03:57,060 - root - INFO - train: loss:5.5679	msle:4.9921	male:1.6874	mape:0.3219	pcc:0.8543
2024-05-27 23:03:57,060 - root - INFO - val: loss:6.2976	msle:5.9513	male:1.8248	mape:0.3509	pcc:0.8038
2024-05-27 23:03:57,060 - root - INFO - test: loss:5.7633	msle:5.5917	male:1.7970	mape:0.3489	pcc:0.8229
2024-05-27 23:03:59,054 - root - INFO - Epoch 6:
2024-05-27 23:27:44,159 - root - INFO - Epoch6: time_cost:800.7422358989716 train_loss:3.407283355293947
2024-05-27 23:27:44,160 - root - INFO - train: loss:5.2846	msle:4.6534	male:1.6008	mape:0.3101	pcc:0.8572
2024-05-27 23:27:44,160 - root - INFO - val: loss:6.1293	msle:5.7478	male:1.7665	mape:0.3461	pcc:0.8013
2024-05-27 23:27:44,160 - root - INFO - test: loss:5.5750	msle:5.3658	male:1.7327	mape:0.3438	pcc:0.8201
2024-05-27 23:27:46,198 - root - INFO - Epoch 7:
2024-05-27 23:52:02,499 - root - INFO - Epoch7: time_cost:835.0849390029907 train_loss:3.2617970193616537
2024-05-27 23:52:02,499 - root - INFO - train: loss:4.8467	msle:4.3105	male:1.5377	mape:0.3039	pcc:0.8650
2024-05-27 23:52:02,499 - root - INFO - val: loss:5.9081	msle:5.5329	male:1.7312	mape:0.3474	pcc:0.8032
2024-05-27 23:52:02,499 - root - INFO - test: loss:5.3741	msle:5.1692	male:1.6982	mape:0.3454	pcc:0.8207
2024-05-27 23:52:04,481 - root - INFO - Epoch 8:
2024-05-28 00:16:09,179 - root - INFO - Epoch8: time_cost:824.16592669487 train_loss:3.102750054491274
2024-05-28 00:16:09,179 - root - INFO - train: loss:4.2924	msle:3.7190	male:1.3784	mape:0.2840	pcc:0.8721
2024-05-28 00:16:09,179 - root - INFO - val: loss:5.6295	msle:5.2130	male:1.6363	mape:0.3426	pcc:0.8011
2024-05-28 00:16:09,179 - root - INFO - test: loss:5.0332	msle:4.7785	male:1.5860	mape:0.3387	pcc:0.8208
2024-05-28 00:16:11,210 - root - INFO - Epoch 9:
2024-05-28 00:40:17,592 - root - INFO - Epoch9: time_cost:824.0593466758728 train_loss:2.925315878444649
2024-05-28 00:40:17,592 - root - INFO - train: loss:4.0188	msle:3.5446	male:1.3512	mape:0.2766	pcc:0.8811
2024-05-28 00:40:17,592 - root - INFO - val: loss:5.6169	msle:5.2349	male:1.6526	mape:0.3473	pcc:0.8008
2024-05-28 00:40:17,592 - root - INFO - test: loss:5.0506	msle:4.8135	male:1.6031	mape:0.3419	pcc:0.8200
2024-05-28 00:40:19,548 - root - INFO - Epoch 10:
2024-05-28 01:04:33,865 - root - INFO - Epoch10: time_cost:833.2728929519653 train_loss:2.7697478150988886
2024-05-28 01:04:33,865 - root - INFO - train: loss:3.5692	msle:3.2071	male:1.2788	mape:0.2618	pcc:0.8904
2024-05-28 01:04:33,865 - root - INFO - val: loss:5.5273	msle:5.1592	male:1.6418	mape:0.3472	pcc:0.8008
2024-05-28 01:04:33,865 - root - INFO - test: loss:4.8849	msle:4.6796	male:1.5873	mape:0.3431	pcc:0.8213
2024-05-28 01:04:35,764 - root - INFO - Epoch 11:
2024-05-28 01:29:03,832 - root - INFO - Epoch11: time_cost:847.6061744689941 train_loss:2.5669282769977158
2024-05-28 01:29:03,832 - root - INFO - train: loss:3.2575	msle:2.8350	male:1.1596	mape:0.2450	pcc:0.8968
2024-05-28 01:29:03,832 - root - INFO - val: loss:5.4518	msle:5.0493	male:1.5863	mape:0.3471	pcc:0.7992
2024-05-28 01:29:03,832 - root - INFO - test: loss:4.8349	msle:4.5812	male:1.5349	mape:0.3427	pcc:0.8187
2024-05-28 01:29:05,689 - root - INFO - Epoch 12:
2024-05-28 01:53:49,177 - root - INFO - Epoch12: time_cost:835.8682227134705 train_loss:2.403876907569308
2024-05-28 01:53:49,177 - root - INFO - train: loss:2.9179	msle:2.5883	male:1.1120	mape:0.2307	pcc:0.9094
2024-05-28 01:53:49,177 - root - INFO - val: loss:5.4925	msle:5.1149	male:1.6094	mape:0.3526	pcc:0.7973
2024-05-28 01:53:49,177 - root - INFO - test: loss:4.8406	msle:4.6249	male:1.5559	mape:0.3484	pcc:0.8177
2024-05-28 01:53:50,655 - root - INFO - Epoch 13:
2024-05-28 02:19:05,569 - root - INFO - Epoch13: time_cost:870.2244031429291 train_loss:2.2667462565424197
2024-05-28 02:19:05,569 - root - INFO - train: loss:2.6542	msle:2.3775	male:1.0676	mape:0.2231	pcc:0.9156
2024-05-28 02:19:05,569 - root - INFO - val: loss:5.4284	msle:5.0680	male:1.6091	mape:0.3552	pcc:0.7981
2024-05-28 02:19:05,569 - root - INFO - test: loss:4.7549	msle:4.5392	male:1.5467	mape:0.3501	pcc:0.8199
2024-05-28 02:19:07,027 - root - INFO - Epoch 14:
2024-05-28 02:43:43,754 - root - INFO - Epoch14: time_cost:833.8304352760315 train_loss:2.1120247998756088
2024-05-28 02:43:43,755 - root - INFO - train: loss:2.6469	msle:2.3432	male:1.0584	mape:0.2210	pcc:0.9188
2024-05-28 02:43:43,755 - root - INFO - val: loss:5.3996	msle:5.0483	male:1.6073	mape:0.3568	pcc:0.7985
2024-05-28 02:43:43,755 - root - INFO - test: loss:4.8115	msle:4.5816	male:1.5559	mape:0.3516	pcc:0.8186
2024-05-28 02:43:45,234 - root - INFO - Epoch 15:
2024-05-28 03:08:28,660 - root - INFO - Epoch15: time_cost:842.0213179588318 train_loss:1.970846181116487
2024-05-28 03:08:28,660 - root - INFO - train: loss:2.5801	msle:2.2645	male:1.0151	mape:0.2017	pcc:0.9224
2024-05-28 03:08:28,661 - root - INFO - val: loss:5.6476	msle:5.2489	male:1.6187	mape:0.3439	pcc:0.7952
2024-05-28 03:08:28,661 - root - INFO - test: loss:4.9413	msle:4.7081	male:1.5523	mape:0.3383	pcc:0.8169
2024-05-28 03:08:30,129 - root - INFO - Epoch 16:
2024-05-28 03:34:13,805 - root - INFO - Epoch16: time_cost:869.1646440029144 train_loss:1.8203402427978397
2024-05-28 03:34:13,805 - root - INFO - train: loss:2.1410	msle:1.9651	male:0.9826	mape:0.1998	pcc:0.9343
2024-05-28 03:34:13,805 - root - INFO - val: loss:5.4962	msle:5.1590	male:1.6498	mape:0.3669	pcc:0.7941
2024-05-28 03:34:13,805 - root - INFO - test: loss:4.9254	msle:4.7094	male:1.5988	mape:0.3666	pcc:0.8127
2024-05-28 03:34:15,216 - root - INFO - Epoch 17:
2024-05-28 03:59:51,470 - root - INFO - Epoch17: time_cost:849.1730146408081 train_loss:1.673163184050125
2024-05-28 03:59:51,470 - root - INFO - train: loss:2.0659	msle:1.9337	male:0.9615	mape:0.1836	pcc:0.9390
2024-05-28 03:59:51,470 - root - INFO - val: loss:5.6371	msle:5.2926	male:1.6456	mape:0.3491	pcc:0.7953
2024-05-28 03:59:51,470 - root - INFO - test: loss:4.8722	msle:4.6974	male:1.5736	mape:0.3439	pcc:0.8192
2024-05-28 03:59:52,881 - root - INFO - Epoch 18:
2024-05-28 04:28:01,463 - root - INFO - Epoch18: time_cost:947.1054623126984 train_loss:1.6206042093008497
2024-05-28 04:28:01,464 - root - INFO - train: loss:2.0723	msle:1.8171	male:0.9161	mape:0.1847	pcc:0.9379
2024-05-28 04:28:01,464 - root - INFO - val: loss:5.4419	msle:5.0789	male:1.6149	mape:0.3585	pcc:0.7967
2024-05-28 04:28:01,464 - root - INFO - test: loss:4.8740	msle:4.6296	male:1.5601	mape:0.3568	pcc:0.8151
2024-05-28 04:28:02,925 - root - INFO - Epoch 19:
2024-05-28 04:56:00,251 - root - INFO - Epoch19: time_cost:916.81409740448 train_loss:1.5008154178512103
2024-05-28 04:56:00,252 - root - INFO - train: loss:2.0194	msle:1.8683	male:0.9595	mape:0.1847	pcc:0.9407
2024-05-28 04:56:00,252 - root - INFO - val: loss:5.7177	msle:5.3708	male:1.6684	mape:0.3570	pcc:0.7912
2024-05-28 04:56:00,252 - root - INFO - test: loss:5.0812	msle:4.8638	male:1.6126	mape:0.3538	pcc:0.8117
2024-05-28 04:56:01,719 - root - INFO - Epoch 20:
2024-05-28 05:24:22,970 - root - INFO - Epoch20: time_cost:939.4618561267853 train_loss:1.3579343546116902
2024-05-28 05:24:22,970 - root - INFO - train: loss:1.8325	msle:1.7283	male:0.9217	mape:0.1784	pcc:0.9463
2024-05-28 05:24:22,970 - root - INFO - val: loss:5.6178	msle:5.2985	male:1.6671	mape:0.3700	pcc:0.7895
2024-05-28 05:24:22,970 - root - INFO - test: loss:5.0780	msle:4.8611	male:1.6131	mape:0.3688	pcc:0.8076
2024-05-28 05:24:24,441 - root - INFO - Epoch 21:
2024-05-28 05:53:03,978 - root - INFO - Epoch21: time_cost:958.3171920776367 train_loss:1.2934803147200395
2024-05-28 05:53:03,978 - root - INFO - train: loss:2.0392	msle:1.8740	male:0.9550	mape:0.1723	pcc:0.9481
2024-05-28 05:53:03,978 - root - INFO - val: loss:5.8039	msle:5.4602	male:1.6847	mape:0.3485	pcc:0.7948
2024-05-28 05:53:03,978 - root - INFO - test: loss:5.2156	msle:4.9980	male:1.6317	mape:0.3462	pcc:0.8129
2024-05-28 05:53:05,439 - root - INFO - Epoch 22:
2024-05-28 06:21:25,463 - root - INFO - Epoch22: time_cost:935.9087913036346 train_loss:1.1995358458175616
2024-05-28 06:21:25,464 - root - INFO - train: loss:1.6768	msle:1.5940	male:0.9009	mape:0.1705	pcc:0.9543
2024-05-28 06:21:25,464 - root - INFO - val: loss:5.6183	msle:5.3046	male:1.6941	mape:0.3752	pcc:0.7911
2024-05-28 06:21:25,464 - root - INFO - test: loss:5.0135	msle:4.8447	male:1.6474	mape:0.3775	pcc:0.8096
2024-05-28 06:21:26,948 - root - INFO - Epoch 23:
2024-05-28 06:46:46,208 - root - INFO - Epoch23: time_cost:869.7333538532257 train_loss:1.157123986847705
2024-05-28 06:46:46,208 - root - INFO - train: loss:1.7228	msle:1.5949	male:0.8923	mape:0.1665	pcc:0.9546
2024-05-28 06:46:46,208 - root - INFO - val: loss:5.5809	msle:5.2569	male:1.6651	mape:0.3584	pcc:0.7972
2024-05-28 06:46:46,208 - root - INFO - test: loss:4.9287	msle:4.7219	male:1.6039	mape:0.3562	pcc:0.8183
2024-05-28 06:46:47,663 - root - INFO - Epoch 24:
2024-05-28 07:11:13,383 - root - INFO - Epoch24: time_cost:821.0514781475067 train_loss:1.0992834249467938
2024-05-28 07:11:13,383 - root - INFO - train: loss:1.5938	msle:1.5291	male:0.8743	mape:0.1612	pcc:0.9562
2024-05-28 07:11:13,383 - root - INFO - val: loss:5.6316	msle:5.3201	male:1.6628	mape:0.3505	pcc:0.7975
2024-05-28 07:11:13,383 - root - INFO - test: loss:4.9696	msle:4.7873	male:1.5937	mape:0.3442	pcc:0.8181
2024-05-28 07:11:14,823 - root - INFO - Epoch 25:
2024-05-28 07:35:17,479 - root - INFO - Epoch25: time_cost:811.7177450656891 train_loss:1.0295156537556969
2024-05-28 07:35:17,479 - root - INFO - train: loss:1.4527	msle:1.4397	male:0.8695	mape:0.1611	pcc:0.9615
2024-05-28 07:35:17,479 - root - INFO - val: loss:5.3840	msle:5.1194	male:1.6695	mape:0.3680	pcc:0.8004
2024-05-28 07:35:17,479 - root - INFO - test: loss:4.8839	msle:4.7275	male:1.6289	mape:0.3687	pcc:0.8163
2024-05-28 07:35:18,946 - root - INFO - Epoch 26:
2024-05-28 07:59:47,476 - root - INFO - Epoch26: time_cost:832.0018434524536 train_loss:0.9549224034909143
2024-05-28 07:59:47,476 - root - INFO - train: loss:1.5429	msle:1.4633	male:0.8670	mape:0.1599	pcc:0.9594
2024-05-28 07:59:47,476 - root - INFO - val: loss:5.5837	msle:5.2790	male:1.6815	mape:0.3681	pcc:0.7945
2024-05-28 07:59:47,476 - root - INFO - test: loss:5.0199	msle:4.8215	male:1.6291	mape:0.3657	pcc:0.8131
2024-05-28 07:59:48,931 - root - INFO - Epoch 27:
2024-05-28 08:24:24,948 - root - INFO - Epoch27: time_cost:834.3123438358307 train_loss:0.9200097324567604
2024-05-28 08:24:24,949 - root - INFO - train: loss:1.5456	msle:1.4956	male:0.8783	mape:0.1573	pcc:0.9630
2024-05-28 08:24:24,949 - root - INFO - val: loss:5.6637	msle:5.3618	male:1.6773	mape:0.3506	pcc:0.7987
2024-05-28 08:24:24,949 - root - INFO - test: loss:5.0174	msle:4.8693	male:1.6218	mape:0.3488	pcc:0.8179
2024-05-28 08:24:24,949 - root - INFO - No improvement over 15 epochs, stop training
2024-05-28 08:24:24,949 - root - INFO - Loading the best model at epoch 11
2024-05-28 08:24:25,092 - root - INFO - Loaded the best model at epoch 11 for inference
2024-05-28 08:35:07,722 - root - INFO - Runs:0
 {'train': {'msle': [7.8707, 7.3186, 6.7785, 5.8161, 5.5544, 4.9921, 4.6534, 4.3105, 3.719, 3.5446, 3.2071, 2.835, 2.5883, 2.3775, 2.3432, 2.2645, 1.9651, 1.9337, 1.8171, 1.8683, 1.7283, 1.874, 1.594, 1.5949, 1.5291, 1.4397, 1.4633, 1.4956, 2.835], 'male': [2.232, 2.1428, 2.0504, 1.8745, 1.8094, 1.6874, 1.6008, 1.5377, 1.3784, 1.3512, 1.2788, 1.1596, 1.112, 1.0676, 1.0584, 1.0151, 0.9826, 0.9615, 0.9161, 0.9595, 0.9217, 0.955, 0.9009, 0.8923, 0.8743, 0.8695, 0.867, 0.8783, 1.1596], 'mape': [0.4012, 0.3862, 0.3731, 0.3512, 0.3379, 0.3219, 0.3101, 0.3039, 0.284, 0.2766, 0.2618, 0.245, 0.2307, 0.2231, 0.221, 0.2017, 0.1998, 0.1836, 0.1847, 0.1847, 0.1784, 0.1723, 0.1705, 0.1665, 0.1612, 0.1611, 0.1599, 0.1573, 0.245], 'pcc': [0.8185, 0.8311, 0.8348, 0.8436, 0.8475, 0.8543, 0.8572, 0.865, 0.8721, 0.8811, 0.8904, 0.8968, 0.9094, 0.9156, 0.9188, 0.9224, 0.9343, 0.939, 0.9379, 0.9407, 0.9463, 0.9481, 0.9543, 0.9546, 0.9562, 0.9615, 0.9594, 0.963, 0.8968], 'loss': [7.909946980798705, 7.4320129534837625, 7.089897148858932, 6.28240308957501, 6.060633119492843, 5.56787137798431, 5.284638367899355, 4.846681191992333, 4.292407772772081, 4.018779519719911, 3.569161216917219, 3.257515995432659, 2.917923024376846, 2.6541709701194662, 2.646899185482838, 2.580084575797364, 2.1410303104054105, 2.0658931212755625, 2.0722558185708286, 2.019428663541942, 1.8325481238107886, 2.0391678591781868, 1.676764858072967, 1.722768006918609, 1.5937742263293124, 1.4527037139258432, 1.5429356684154627, 1.5456222248255964, 3.257515995432659]}, 'val': {'msle': [8.3328, 7.8411, 7.3921, 6.5619, 6.3814, 5.9513, 5.7478, 5.5329, 5.213, 5.2349, 5.1592, 5.0493, 5.1149, 5.068, 5.0483, 5.2489, 5.159, 5.2926, 5.0789, 5.3708, 5.2985, 5.4602, 5.3046, 5.2569, 5.3201, 5.1194, 5.279, 5.3618, 5.0493], 'male': [2.2893, 2.2077, 2.1271, 1.9687, 1.92, 1.8248, 1.7665, 1.7312, 1.6363, 1.6526, 1.6418, 1.5863, 1.6094, 1.6091, 1.6073, 1.6187, 1.6498, 1.6456, 1.6149, 1.6684, 1.6671, 1.6847, 1.6941, 1.6651, 1.6628, 1.6695, 1.6815, 1.6773, 1.5863], 'mape': [0.4084, 0.396, 0.386, 0.3683, 0.36, 0.3509, 0.3461, 0.3474, 0.3426, 0.3473, 0.3472, 0.3471, 0.3526, 0.3552, 0.3568, 0.3439, 0.3669, 0.3491, 0.3585, 0.357, 0.37, 0.3485, 0.3752, 0.3584, 0.3505, 0.368, 0.3681, 0.3506, 0.3471], 'pcc': [0.7886, 0.798, 0.7981, 0.8025, 0.8023, 0.8038, 0.8013, 0.8032, 0.8011, 0.8008, 0.8008, 0.7992, 0.7973, 0.7981, 0.7985, 0.7952, 0.7941, 0.7953, 0.7967, 0.7912, 0.7895, 0.7948, 0.7911, 0.7972, 0.7975, 0.8004, 0.7945, 0.7987, 0.7992], 'loss': [8.296335830254522, 7.8701990271273266, 7.5257678972097715, 6.810149915011998, 6.674920964997952, 6.297639934219267, 6.12929434082047, 5.908061314147088, 5.629482266591027, 5.616919122080456, 5.527279665251061, 5.4518126987695466, 5.492533339818244, 5.428435656775013, 5.399578904055982, 5.647615121180743, 5.496150031980092, 5.637059255229285, 5.441859871214402, 5.717726083634665, 5.617795361544445, 5.803903191145269, 5.6182713008187095, 5.580878048363727, 5.631647297994346, 5.384034753122056, 5.583671842167888, 5.663662363834237, 5.4518126987695466]}, 'test': {'msle': [8.1258, 7.6259, 7.1364, 6.2472, 6.0624, 5.5917, 5.3658, 5.1692, 4.7785, 4.8135, 4.6796, 4.5812, 4.6249, 4.5392, 4.5816, 4.7081, 4.7094, 4.6974, 4.6296, 4.8638, 4.8611, 4.998, 4.8447, 4.7219, 4.7873, 4.7275, 4.8215, 4.8693, 4.5812], 'male': [2.2802, 2.1995, 2.1177, 1.9539, 1.9026, 1.797, 1.7327, 1.6982, 1.586, 1.6031, 1.5873, 1.5349, 1.5559, 1.5467, 1.5559, 1.5523, 1.5988, 1.5736, 1.5601, 1.6126, 1.6131, 1.6317, 1.6474, 1.6039, 1.5937, 1.6289, 1.6291, 1.6218, 1.5349], 'mape': [0.4074, 0.3955, 0.386, 0.3688, 0.3602, 0.3489, 0.3438, 0.3454, 0.3387, 0.3419, 0.3431, 0.3427, 0.3484, 0.3501, 0.3516, 0.3383, 0.3666, 0.3439, 0.3568, 0.3538, 0.3688, 0.3462, 0.3775, 0.3562, 0.3442, 0.3687, 0.3657, 0.3488, 0.3427], 'pcc': [0.8073, 0.8153, 0.8163, 0.8207, 0.82, 0.8229, 0.8201, 0.8207, 0.8208, 0.82, 0.8213, 0.8187, 0.8177, 0.8199, 0.8186, 0.8169, 0.8127, 0.8192, 0.8151, 0.8117, 0.8076, 0.8129, 0.8096, 0.8183, 0.8181, 0.8163, 0.8131, 0.8179, 0.8187], 'loss': [7.922804065060948, 7.490195507472477, 7.109065137345717, 6.335824428976445, 6.18706811608973, 5.763348712260543, 5.575024034096928, 5.37409490734022, 5.033191098002782, 5.0505899958134455, 4.88486043681742, 4.834912243021609, 4.840582897831008, 4.754875839523686, 4.811485475837087, 4.941308158035349, 4.925434343168596, 4.872175087498781, 4.8740186974695625, 5.081218741126946, 5.077997665826466, 5.21560820664094, 5.013513404029845, 4.928733298128602, 4.969592596084682, 4.883922233940148, 5.019892643108624, 5.017413251483531, 4.834912243021609]}}
2024-05-28 08:35:08,096 - root - INFO - Final: msle:4.5812 male:1.5349 mape:0.3427 pcc:0.8187
