2024-04-07 20:22:43,180 - root - INFO - Min time is 1893-07-01, Train time is 84, Val time is 94, Test time is 104, Time unit is 365
2024-04-07 20:25:37,432 - root - INFO - Total Trans num is 939686, Train cas num is 34002, Val cas num is 7286, Test cas num is 7287
2024-04-07 20:25:37,854 - root - INFO - Time cost for loading data is 185.71221160888672s
2024-04-07 20:25:37,899 - root - INFO - {'dataset': 'aps', 'bs': 50, 'prefix': 'std_aps_CTCP', 'epoch': 150, 'lr': 0.0001, 'run': 1, 'gpu': 0, 'node_dim': 64, 'time_dim': 16, 'patience': 15, 'dropout': 0.6, 'predictor': 'merge', 'embedding_module': 'aggregate', 'single': False, 'use_static': True, 'use_dynamic': True, 'use_structural': True, 'use_temporal': True, 'lambda': 0.1, 'model_path': 'saved_models/std_aps_CTCP', 'result_path': 'results/std_aps_CTCP', 'log_path': 'log/std_aps_CTCP.log', 'observe_time': 5, 'predict_time': 500, 'time_unit': 365, 'train_time': 84, 'val_time': 94, 'test_time': 104, 'min_cas_size': 11, 'max_cas_size': 100, 'max_time': {'user': 1, 'cas': 5}, 'node_num': {'user': 218323, 'cas': 48575}, 'max_global_time': 109.56164383561644}
2024-04-07 20:25:37,942 - root - INFO - begin runs:0
2024-04-07 20:25:42,811 - root - INFO - Start training citation
2024-04-07 20:25:42,813 - root - INFO - Epoch 0:
2024-04-07 21:25:28,380 - root - INFO - Epoch0: time_cost:2012.352478504181 train_loss:2.5029636192903952
2024-04-07 21:25:28,380 - root - INFO - train: loss:2.2185	msle:2.0702	male:1.1169	mape:0.2972	pcc:0.6290
2024-04-07 21:25:28,380 - root - INFO - val: loss:2.1280	msle:2.0337	male:1.1183	mape:0.2997	pcc:0.6284
2024-04-07 21:25:28,380 - root - INFO - test: loss:2.0917	msle:2.0377	male:1.1158	mape:0.2982	pcc:0.6286
2024-04-07 21:25:32,129 - root - INFO - Epoch 1:
2024-04-07 22:28:38,357 - root - INFO - Epoch1: time_cost:2128.3539822101593 train_loss:2.1200559200730216
2024-04-07 22:28:38,357 - root - INFO - train: loss:2.1399	msle:2.0243	male:1.1034	mape:0.2945	pcc:0.6379
2024-04-07 22:28:38,357 - root - INFO - val: loss:2.0913	msle:2.0020	male:1.1109	mape:0.2985	pcc:0.6344
2024-04-07 22:28:38,357 - root - INFO - test: loss:2.0515	msle:2.0054	male:1.1073	mape:0.2970	pcc:0.6346
2024-04-07 22:28:42,287 - root - INFO - Epoch 2:
2024-04-07 23:29:40,606 - root - INFO - Epoch2: time_cost:2093.0357444286346 train_loss:2.0624996137313367
2024-04-07 23:29:40,606 - root - INFO - train: loss:2.0834	msle:1.9896	male:1.0927	mape:0.2920	pcc:0.6462
2024-04-07 23:29:40,606 - root - INFO - val: loss:2.0768	msle:1.9895	male:1.1079	mape:0.2982	pcc:0.6373
2024-04-07 23:29:40,606 - root - INFO - test: loss:2.0371	msle:1.9928	male:1.1029	mape:0.2961	pcc:0.6374
2024-04-07 23:29:45,264 - root - INFO - Epoch 3:
2024-04-08 00:29:06,284 - root - INFO - Epoch3: time_cost:1991.7390730381012 train_loss:2.0099811068699878
2024-04-08 00:29:06,284 - root - INFO - train: loss:2.0095	msle:1.9347	male:1.0735	mape:0.2897	pcc:0.6605
2024-04-08 00:29:06,284 - root - INFO - val: loss:2.0642	msle:1.9767	male:1.1041	mape:0.3001	pcc:0.6416
2024-04-08 00:29:06,284 - root - INFO - test: loss:2.0230	msle:1.9793	male:1.0976	mape:0.2976	pcc:0.6416
2024-04-08 00:29:10,280 - root - INFO - Epoch 4:
2024-04-08 01:27:41,262 - root - INFO - Epoch4: time_cost:1990.3143453598022 train_loss:1.9394387480976452
2024-04-08 01:27:41,262 - root - INFO - train: loss:1.9253	msle:1.8668	male:1.0468	mape:0.2880	pcc:0.6813
2024-04-08 01:27:41,262 - root - INFO - val: loss:2.0781	msle:1.9856	male:1.1053	mape:0.3062	pcc:0.6444
2024-04-08 01:27:41,262 - root - INFO - test: loss:2.0245	msle:1.9810	male:1.0960	mape:0.3029	pcc:0.6460
2024-04-08 01:27:44,271 - root - INFO - Epoch 5:
2024-04-08 02:28:11,693 - root - INFO - Epoch5: time_cost:2017.907700061798 train_loss:1.828929559782301
2024-04-08 02:28:11,693 - root - INFO - train: loss:1.7670	msle:1.7396	male:1.0018	mape:0.2820	pcc:0.7215
2024-04-08 02:28:11,693 - root - INFO - val: loss:2.0771	msle:1.9829	male:1.1042	mape:0.3123	pcc:0.6576
2024-04-08 02:28:11,693 - root - INFO - test: loss:2.0176	msle:1.9765	male:1.0924	mape:0.3084	pcc:0.6592
2024-04-08 02:28:14,926 - root - INFO - Epoch 6:
2024-04-08 03:27:21,478 - root - INFO - Epoch6: time_cost:1984.5148587226868 train_loss:1.7079650068424104
2024-04-08 03:27:21,478 - root - INFO - train: loss:1.6397	msle:1.6229	male:0.9613	mape:0.2741	pcc:0.7569
2024-04-08 03:27:21,478 - root - INFO - val: loss:2.0921	msle:1.9936	male:1.1059	mape:0.3165	pcc:0.6652
2024-04-08 03:27:21,478 - root - INFO - test: loss:2.0265	msle:1.9802	male:1.0922	mape:0.3122	pcc:0.6686
2024-04-08 03:27:24,490 - root - INFO - Epoch 7:
2024-04-08 04:27:25,216 - root - INFO - Epoch7: time_cost:2017.1333963871002 train_loss:1.5693433815620015
2024-04-08 04:27:25,216 - root - INFO - train: loss:1.6017	msle:1.5793	male:0.9476	mape:0.2744	pcc:0.7824
2024-04-08 04:27:25,216 - root - INFO - val: loss:2.1521	msle:2.0497	male:1.1190	mape:0.3256	pcc:0.6695
2024-04-08 04:27:25,216 - root - INFO - test: loss:2.0833	msle:2.0323	male:1.1051	mape:0.3207	pcc:0.6732
2024-04-08 04:27:28,434 - root - INFO - Epoch 8:
2024-04-08 05:26:15,584 - root - INFO - Epoch8: time_cost:1976.9493749141693 train_loss:1.4431365712552209
2024-04-08 05:26:15,584 - root - INFO - train: loss:1.4336	msle:1.4407	male:0.9025	mape:0.2600	pcc:0.8055
2024-04-08 05:26:15,584 - root - INFO - val: loss:2.1238	msle:2.0270	male:1.1144	mape:0.3229	pcc:0.6739
2024-04-08 05:26:15,585 - root - INFO - test: loss:2.0536	msle:2.0050	male:1.0980	mape:0.3173	pcc:0.6785
2024-04-08 05:26:18,785 - root - INFO - Epoch 9:
2024-04-08 06:24:47,977 - root - INFO - Epoch9: time_cost:1960.5413014888763 train_loss:1.3301849079387968
2024-04-08 06:24:47,978 - root - INFO - train: loss:1.2633	msle:1.2861	male:0.8483	mape:0.2425	pcc:0.8292
2024-04-08 06:24:47,978 - root - INFO - val: loss:2.0780	msle:1.9851	male:1.1035	mape:0.3174	pcc:0.6784
2024-04-08 06:24:47,978 - root - INFO - test: loss:1.9953	msle:1.9523	male:1.0841	mape:0.3107	pcc:0.6853
2024-04-08 06:24:50,826 - root - INFO - Epoch 10:
2024-04-08 07:23:53,508 - root - INFO - Epoch10: time_cost:1951.4369676113129 train_loss:1.2453679553602264
2024-04-08 07:23:53,508 - root - INFO - train: loss:1.1163	msle:1.1560	male:0.8001	mape:0.2263	pcc:0.8469
2024-04-08 07:23:53,508 - root - INFO - val: loss:2.0184	msle:1.9267	male:1.0855	mape:0.3102	pcc:0.6836
2024-04-08 07:23:53,508 - root - INFO - test: loss:1.9363	msle:1.8932	male:1.0664	mape:0.3035	pcc:0.6907
2024-04-08 07:23:57,347 - root - INFO - Epoch 11:
2024-04-08 08:23:53,337 - root - INFO - Epoch11: time_cost:2018.0647671222687 train_loss:1.1290420861768733
2024-04-08 08:23:53,337 - root - INFO - train: loss:1.0145	msle:1.0728	male:0.7682	mape:0.2166	pcc:0.8595
2024-04-08 08:23:53,337 - root - INFO - val: loss:2.0232	msle:1.9360	male:1.0875	mape:0.3102	pcc:0.6826
2024-04-08 08:23:53,337 - root - INFO - test: loss:1.9403	msle:1.8959	male:1.0671	mape:0.3028	pcc:0.6909
2024-04-08 08:23:56,227 - root - INFO - Epoch 12:
2024-04-08 10:19:30,062 - root - INFO - Epoch12: time_cost:5355.090745925903 train_loss:1.0565274866130847
2024-04-08 10:19:30,062 - root - INFO - train: loss:0.9902	msle:1.0506	male:0.7672	mape:0.2164	pcc:0.8698
2024-04-08 10:19:30,062 - root - INFO - val: loss:2.0830	msle:1.9901	male:1.1042	mape:0.3164	pcc:0.6841
2024-04-08 10:19:30,062 - root - INFO - test: loss:1.9859	msle:1.9400	male:1.0817	mape:0.3083	pcc:0.6940
2024-04-08 10:19:33,104 - root - INFO - Epoch 13:
2024-04-08 13:29:03,826 - root - INFO - Epoch13: time_cost:1800.9034385681152 train_loss:0.9824651016195155
2024-04-08 13:29:03,826 - root - INFO - train: loss:1.1141	msle:1.1538	male:0.8193	mape:0.2347	pcc:0.8777
2024-04-08 13:29:03,826 - root - INFO - val: loss:2.2532	msle:2.1552	male:1.1468	mape:0.3360	pcc:0.6824
2024-04-08 13:29:03,826 - root - INFO - test: loss:2.1521	msle:2.1005	male:1.1284	mape:0.3285	pcc:0.6927
2024-04-08 13:29:06,996 - root - INFO - Epoch 14:
2024-04-08 14:17:10,085 - root - INFO - Epoch14: time_cost:1600.027878522873 train_loss:0.9141186420460095
2024-04-08 14:17:10,085 - root - INFO - train: loss:0.8670	msle:0.9333	male:0.7231	mape:0.2037	pcc:0.8914
2024-04-08 14:17:10,085 - root - INFO - val: loss:2.0744	msle:1.9850	male:1.1005	mape:0.3159	pcc:0.6869
2024-04-08 14:17:10,085 - root - INFO - test: loss:1.9732	msle:1.9262	male:1.0768	mape:0.3074	pcc:0.6984
2024-04-08 14:17:12,209 - root - INFO - Epoch 15:
2024-04-08 15:05:00,185 - root - INFO - Epoch15: time_cost:1594.8287827968597 train_loss:0.8563468803646652
2024-04-08 15:05:00,185 - root - INFO - train: loss:0.9383	msle:1.0004	male:0.7607	mape:0.2146	pcc:0.8945
2024-04-08 15:05:00,185 - root - INFO - val: loss:2.1983	msle:2.1086	male:1.1359	mape:0.3290	pcc:0.6862
2024-04-08 15:05:00,185 - root - INFO - test: loss:2.0923	msle:2.0416	male:1.1142	mape:0.3208	pcc:0.6986
2024-04-08 15:05:02,272 - root - INFO - Epoch 16:
2024-04-08 15:52:41,198 - root - INFO - Epoch16: time_cost:1591.252935886383 train_loss:0.8093027604204875
2024-04-08 15:52:41,198 - root - INFO - train: loss:0.7897	msle:0.8623	male:0.7008	mape:0.1962	pcc:0.9055
2024-04-08 15:52:41,198 - root - INFO - val: loss:2.0858	msle:1.9986	male:1.1041	mape:0.3171	pcc:0.6906
2024-04-08 15:52:41,198 - root - INFO - test: loss:1.9793	msle:1.9336	male:1.0817	mape:0.3088	pcc:0.7034
2024-04-08 15:52:43,430 - root - INFO - Epoch 17:
2024-04-08 17:05:36,446 - root - INFO - Epoch17: time_cost:2121.00812625885 train_loss:0.7561576344918034
2024-04-08 17:05:36,447 - root - INFO - train: loss:0.8288	msle:0.8982	male:0.7283	mape:0.2033	pcc:0.9109
2024-04-08 17:05:36,447 - root - INFO - val: loss:2.1770	msle:2.0892	male:1.1300	mape:0.3267	pcc:0.6905
2024-04-08 17:05:36,447 - root - INFO - test: loss:2.0615	msle:2.0191	male:1.1081	mape:0.3184	pcc:0.7038
2024-04-08 17:05:39,496 - root - INFO - Epoch 18:
2024-04-08 18:22:11,600 - root - INFO - Epoch18: time_cost:2505.44793343544 train_loss:0.7037077147226295
2024-04-08 18:22:11,600 - root - INFO - train: loss:0.7400	msle:0.8160	male:0.6915	mape:0.1917	pcc:0.9185
2024-04-08 18:22:11,600 - root - INFO - val: loss:2.1345	msle:2.0494	male:1.1186	mape:0.3215	pcc:0.6928
2024-04-08 18:22:11,600 - root - INFO - test: loss:2.0149	msle:1.9769	male:1.0950	mape:0.3127	pcc:0.7072
2024-04-08 18:22:15,272 - root - INFO - Epoch 19:
2024-04-08 19:36:32,247 - root - INFO - Epoch19: time_cost:2393.4357929229736 train_loss:0.6520020626237153
2024-04-08 19:36:32,247 - root - INFO - train: loss:0.7104	msle:0.7927	male:0.6787	mape:0.1870	pcc:0.9194
2024-04-08 19:36:32,247 - root - INFO - val: loss:2.1594	msle:2.0732	male:1.1227	mape:0.3222	pcc:0.6869
2024-04-08 19:36:32,247 - root - INFO - test: loss:2.0410	msle:1.9988	male:1.0990	mape:0.3133	pcc:0.7016
2024-04-08 19:36:34,904 - root - INFO - Epoch 20:
2024-04-08 20:53:06,809 - root - INFO - Epoch20: time_cost:2409.9378509521484 train_loss:0.6317811924413115
2024-04-08 20:53:06,810 - root - INFO - train: loss:0.6080	msle:0.6812	male:0.6200	mape:0.1703	pcc:0.9262
2024-04-08 20:53:06,810 - root - INFO - val: loss:2.0442	msle:1.9580	male:1.0900	mape:0.3104	pcc:0.6924
2024-04-08 20:53:06,810 - root - INFO - test: loss:1.9234	msle:1.8851	male:1.0672	mape:0.3019	pcc:0.7067
2024-04-08 20:53:10,765 - root - INFO - Epoch 21:
2024-04-08 22:08:11,369 - root - INFO - Epoch21: time_cost:2447.0865728855133 train_loss:0.5894992430086231
2024-04-08 22:08:11,370 - root - INFO - train: loss:0.5148	msle:0.5884	male:0.5748	mape:0.1559	pcc:0.9346
2024-04-08 22:08:11,370 - root - INFO - val: loss:1.9889	msle:1.9072	male:1.0762	mape:0.3040	pcc:0.6945
2024-04-08 22:08:11,370 - root - INFO - test: loss:1.8621	msle:1.8261	male:1.0498	mape:0.2947	pcc:0.7104
2024-04-08 22:08:16,755 - root - INFO - Epoch 22:
2024-04-08 23:08:12,128 - root - INFO - Epoch22: time_cost:2351.0964348316193 train_loss:0.5551183828171786
2024-04-08 23:08:12,129 - root - INFO - train: loss:0.5013	msle:0.5769	male:0.5725	mape:0.1557	pcc:0.9384
2024-04-08 23:08:12,129 - root - INFO - val: loss:1.9671	msle:1.8923	male:1.0718	mape:0.3037	pcc:0.6997
2024-04-08 23:08:12,129 - root - INFO - test: loss:1.8637	msle:1.8287	male:1.0513	mape:0.2957	pcc:0.7124
2024-04-08 23:08:15,057 - root - INFO - Epoch 23:
2024-04-08 23:54:40,519 - root - INFO - Epoch23: time_cost:1547.5235350131989 train_loss:0.5334268817086883
2024-04-08 23:54:40,519 - root - INFO - train: loss:0.4341	msle:0.4967	male:0.5218	mape:0.1395	pcc:0.9403
2024-04-08 23:54:40,519 - root - INFO - val: loss:1.9234	msle:1.8427	male:1.0559	mape:0.2948	pcc:0.6967
2024-04-08 23:54:40,519 - root - INFO - test: loss:1.8142	msle:1.7765	male:1.0356	mape:0.2867	pcc:0.7096
2024-04-08 23:54:43,364 - root - INFO - Epoch 24:
2024-04-09 00:40:38,288 - root - INFO - Epoch24: time_cost:1521.2924983501434 train_loss:0.5093671403905834
2024-04-09 00:40:38,288 - root - INFO - train: loss:0.3895	msle:0.4581	male:0.4982	mape:0.1323	pcc:0.9429
2024-04-09 00:40:38,288 - root - INFO - val: loss:1.9048	msle:1.8288	male:1.0519	mape:0.2920	pcc:0.6936
2024-04-09 00:40:38,288 - root - INFO - test: loss:1.7891	msle:1.7498	male:1.0282	mape:0.2830	pcc:0.7093
2024-04-09 00:40:41,147 - root - INFO - Epoch 25:
2024-04-09 01:27:05,977 - root - INFO - Epoch25: time_cost:1553.4779489040375 train_loss:0.48341778678895336
2024-04-09 01:27:05,977 - root - INFO - train: loss:0.3648	msle:0.4253	male:0.4775	mape:0.1272	pcc:0.9476
2024-04-09 01:27:05,977 - root - INFO - val: loss:1.8649	msle:1.7939	male:1.0420	mape:0.2887	pcc:0.6991
2024-04-09 01:27:05,977 - root - INFO - test: loss:1.7531	msle:1.7192	male:1.0178	mape:0.2799	pcc:0.7138
2024-04-09 01:27:08,635 - root - INFO - Epoch 26:
2024-04-09 02:13:34,585 - root - INFO - Epoch26: time_cost:1544.6552150249481 train_loss:0.45827843634996845
2024-04-09 02:13:34,586 - root - INFO - train: loss:0.3199	msle:0.3826	male:0.4541	mape:0.1194	pcc:0.9516
2024-04-09 02:13:34,586 - root - INFO - val: loss:1.8425	msle:1.7683	male:1.0352	mape:0.2846	pcc:0.7032
2024-04-09 02:13:34,586 - root - INFO - test: loss:1.7313	msle:1.6953	male:1.0109	mape:0.2759	pcc:0.7175
2024-04-09 02:13:37,301 - root - INFO - Epoch 27:
2024-04-09 03:00:22,584 - root - INFO - Epoch27: time_cost:1556.820124387741 train_loss:0.44335535356847144
2024-04-09 03:00:22,584 - root - INFO - train: loss:0.2982	msle:0.3674	male:0.4481	mape:0.1175	pcc:0.9560
2024-04-09 03:00:22,584 - root - INFO - val: loss:1.8411	msle:1.7701	male:1.0345	mape:0.2856	pcc:0.7069
2024-04-09 03:00:22,584 - root - INFO - test: loss:1.7306	msle:1.7015	male:1.0104	mape:0.2768	pcc:0.7199
2024-04-09 03:00:24,745 - root - INFO - Epoch 28:
2024-04-09 03:46:46,109 - root - INFO - Epoch28: time_cost:1538.9518337249756 train_loss:0.4295931478379527
2024-04-09 03:46:46,110 - root - INFO - train: loss:0.3273	msle:0.3826	male:0.4581	mape:0.1217	pcc:0.9563
2024-04-09 03:46:46,110 - root - INFO - val: loss:1.8748	msle:1.7953	male:1.0419	mape:0.2902	pcc:0.7024
2024-04-09 03:46:46,110 - root - INFO - test: loss:1.7688	msle:1.7352	male:1.0186	mape:0.2816	pcc:0.7145
2024-04-09 03:46:48,256 - root - INFO - Epoch 29:
2024-04-09 04:33:22,511 - root - INFO - Epoch29: time_cost:1559.873700618744 train_loss:0.40326001285737517
2024-04-09 04:33:22,511 - root - INFO - train: loss:0.3064	msle:0.3676	male:0.4533	mape:0.1191	pcc:0.9579
2024-04-09 04:33:22,511 - root - INFO - val: loss:1.8664	msle:1.7914	male:1.0418	mape:0.2891	pcc:0.7055
2024-04-09 04:33:22,511 - root - INFO - test: loss:1.7651	msle:1.7364	male:1.0228	mape:0.2817	pcc:0.7166
2024-04-09 04:33:24,588 - root - INFO - Epoch 30:
2024-04-09 05:19:43,956 - root - INFO - Epoch30: time_cost:1543.3235557079315 train_loss:0.3954116235794085
2024-04-09 05:19:43,956 - root - INFO - train: loss:0.3859	msle:0.4288	male:0.4971	mape:0.1327	pcc:0.9572
2024-04-09 05:19:43,956 - root - INFO - val: loss:1.9698	msle:1.8831	male:1.0674	mape:0.3010	pcc:0.6997
2024-04-09 05:19:43,956 - root - INFO - test: loss:1.8659	msle:1.8254	male:1.0492	mape:0.2934	pcc:0.7114
2024-04-09 05:19:46,028 - root - INFO - Epoch 31:
2024-04-09 07:37:59,735 - root - INFO - Epoch31: time_cost:1532.2829332351685 train_loss:0.37704429859328553
2024-04-09 07:37:59,736 - root - INFO - train: loss:0.3096	msle:0.3585	male:0.4483	mape:0.1187	pcc:0.9608
2024-04-09 07:37:59,736 - root - INFO - val: loss:1.8851	msle:1.8043	male:1.0425	mape:0.2907	pcc:0.7034
2024-04-09 07:37:59,736 - root - INFO - test: loss:1.7677	msle:1.7347	male:1.0226	mape:0.2829	pcc:0.7171
2024-04-09 07:38:02,219 - root - INFO - Epoch 32:
2024-04-09 08:25:45,347 - root - INFO - Epoch32: time_cost:1599.2273902893066 train_loss:0.37170856403637964
2024-04-09 08:25:45,347 - root - INFO - train: loss:0.3323	msle:0.3839	male:0.4686	mape:0.1242	pcc:0.9597
2024-04-09 08:25:45,347 - root - INFO - val: loss:1.9214	msle:1.8396	male:1.0564	mape:0.2954	pcc:0.7027
2024-04-09 08:25:45,347 - root - INFO - test: loss:1.8055	msle:1.7730	male:1.0328	mape:0.2871	pcc:0.7157
2024-04-09 08:25:47,454 - root - INFO - Epoch 33:
2024-04-09 09:12:45,704 - root - INFO - Epoch33: time_cost:1580.2536222934723 train_loss:0.3571607280082188
2024-04-09 09:12:45,704 - root - INFO - train: loss:0.2516	msle:0.2985	male:0.4097	mape:0.1071	pcc:0.9665
2024-04-09 09:12:45,704 - root - INFO - val: loss:1.8397	msle:1.7655	male:1.0330	mape:0.2857	pcc:0.7072
2024-04-09 09:12:45,704 - root - INFO - test: loss:1.7313	msle:1.7016	male:1.0092	mape:0.2773	pcc:0.7198
2024-04-09 09:12:48,614 - root - INFO - Epoch 34:
2024-04-09 10:13:03,081 - root - INFO - Epoch34: time_cost:2215.6456410884857 train_loss:0.3395518607549114
2024-04-09 10:13:03,082 - root - INFO - train: loss:0.2617	msle:0.3089	male:0.4169	mape:0.1094	pcc:0.9657
2024-04-09 10:13:03,082 - root - INFO - val: loss:1.8594	msle:1.7841	male:1.0405	mape:0.2882	pcc:0.7044
2024-04-09 10:13:03,082 - root - INFO - test: loss:1.7479	msle:1.7184	male:1.0153	mape:0.2790	pcc:0.7175
2024-04-09 10:13:09,924 - root - INFO - Epoch 35:
2024-04-09 11:38:22,131 - root - INFO - Epoch35: time_cost:3869.5704338550568 train_loss:0.32993621920144867
2024-04-09 11:38:22,131 - root - INFO - train: loss:0.2254	msle:0.2639	male:0.3801	mape:0.0977	pcc:0.9665
2024-04-09 11:38:22,131 - root - INFO - val: loss:1.8330	msle:1.7540	male:1.0300	mape:0.2818	pcc:0.7024
2024-04-09 11:38:22,131 - root - INFO - test: loss:1.7219	msle:1.6826	male:1.0061	mape:0.2730	pcc:0.7165
2024-04-09 11:38:25,008 - root - INFO - Epoch 36:
2024-04-09 12:25:19,442 - root - INFO - Epoch36: time_cost:1560.3175065517426 train_loss:0.31415079090201414
2024-04-09 12:25:19,443 - root - INFO - train: loss:0.2348	msle:0.2752	male:0.3927	mape:0.1025	pcc:0.9689
2024-04-09 12:25:19,443 - root - INFO - val: loss:1.8413	msle:1.7650	male:1.0337	mape:0.2858	pcc:0.7053
2024-04-09 12:25:19,443 - root - INFO - test: loss:1.7212	msle:1.6933	male:1.0083	mape:0.2767	pcc:0.7194
2024-04-09 12:25:21,563 - root - INFO - Epoch 37:
2024-04-09 13:17:41,033 - root - INFO - Epoch37: time_cost:1693.524248600006 train_loss:0.3079419895126921
2024-04-09 13:17:41,034 - root - INFO - train: loss:0.2064	msle:0.2421	male:0.3636	mape:0.0935	pcc:0.9697
2024-04-09 13:17:41,034 - root - INFO - val: loss:1.8145	msle:1.7341	male:1.0249	mape:0.2793	pcc:0.7049
2024-04-09 13:17:41,034 - root - INFO - test: loss:1.6972	msle:1.6659	male:1.0007	mape:0.2709	pcc:0.7188
2024-04-09 13:17:43,980 - root - INFO - Epoch 38:
2024-04-09 14:09:38,666 - root - INFO - Epoch38: time_cost:1673.9530293941498 train_loss:0.3004812440343996
2024-04-09 14:09:38,666 - root - INFO - train: loss:0.2237	msle:0.2533	male:0.3734	mape:0.0970	pcc:0.9701
2024-04-09 14:09:38,666 - root - INFO - val: loss:1.8381	msle:1.7601	male:1.0309	mape:0.2835	pcc:0.7033
2024-04-09 14:09:38,666 - root - INFO - test: loss:1.7201	msle:1.6882	male:1.0066	mape:0.2748	pcc:0.7178
2024-04-09 14:09:40,748 - root - INFO - Epoch 39:
2024-04-09 14:58:48,651 - root - INFO - Epoch39: time_cost:1709.9680914878845 train_loss:0.2902013525644312
2024-04-09 14:58:48,652 - root - INFO - train: loss:0.1839	msle:0.2147	male:0.3395	mape:0.0864	pcc:0.9719
2024-04-09 14:58:48,652 - root - INFO - val: loss:1.7961	msle:1.7184	male:1.0185	mape:0.2765	pcc:0.7074
2024-04-09 14:58:48,652 - root - INFO - test: loss:1.6735	msle:1.6486	male:0.9964	mape:0.2685	pcc:0.7215
2024-04-09 14:58:51,561 - root - INFO - Epoch 40:
2024-04-09 15:49:18,479 - root - INFO - Epoch40: time_cost:1579.1460273265839 train_loss:0.28156142805353135
2024-04-09 15:49:18,479 - root - INFO - train: loss:0.1735	msle:0.2064	male:0.3326	mape:0.0850	pcc:0.9739
2024-04-09 15:49:18,479 - root - INFO - val: loss:1.7892	msle:1.7124	male:1.0164	mape:0.2767	pcc:0.7075
2024-04-09 15:49:18,480 - root - INFO - test: loss:1.6700	msle:1.6453	male:0.9954	mape:0.2687	pcc:0.7212
2024-04-09 15:49:21,361 - root - INFO - Epoch 41:
2024-04-09 16:39:15,771 - root - INFO - Epoch41: time_cost:1750.7660636901855 train_loss:0.27267464270671987
2024-04-09 16:39:15,772 - root - INFO - train: loss:0.1864	msle:0.2166	male:0.3453	mape:0.0886	pcc:0.9739
2024-04-09 16:39:15,772 - root - INFO - val: loss:1.8177	msle:1.7416	male:1.0256	mape:0.2808	pcc:0.7046
2024-04-09 16:39:15,772 - root - INFO - test: loss:1.6992	msle:1.6721	male:1.0026	mape:0.2724	pcc:0.7185
2024-04-09 16:39:17,832 - root - INFO - Epoch 42:
2024-04-09 17:27:01,605 - root - INFO - Epoch42: time_cost:1604.3956606388092 train_loss:0.26315016859568285
2024-04-09 17:27:01,605 - root - INFO - train: loss:0.1457	msle:0.1788	male:0.3098	mape:0.0774	pcc:0.9760
2024-04-09 17:27:01,605 - root - INFO - val: loss:1.7679	msle:1.6921	male:1.0120	mape:0.2724	pcc:0.7098
2024-04-09 17:27:01,605 - root - INFO - test: loss:1.6613	msle:1.6355	male:0.9903	mape:0.2647	pcc:0.7211
2024-04-09 17:27:04,511 - root - INFO - Epoch 43:
2024-04-09 18:18:31,263 - root - INFO - Epoch43: time_cost:1633.256271123886 train_loss:0.25705412816796475
2024-04-09 18:18:31,263 - root - INFO - train: loss:0.1545	msle:0.1847	male:0.3167	mape:0.0790	pcc:0.9748
2024-04-09 18:18:31,263 - root - INFO - val: loss:1.7806	msle:1.7031	male:1.0151	mape:0.2729	pcc:0.7065
2024-04-09 18:18:31,263 - root - INFO - test: loss:1.6607	msle:1.6362	male:0.9913	mape:0.2647	pcc:0.7199
2024-04-09 18:18:33,364 - root - INFO - Epoch 44:
2024-04-09 19:05:22,474 - root - INFO - Epoch44: time_cost:1559.7571668624878 train_loss:0.2525376194005307
2024-04-09 19:05:22,474 - root - INFO - train: loss:0.1962	msle:0.2124	male:0.3475	mape:0.0897	pcc:0.9759
2024-04-09 19:05:22,474 - root - INFO - val: loss:1.8281	msle:1.7479	male:1.0261	mape:0.2827	pcc:0.7053
2024-04-09 19:05:22,474 - root - INFO - test: loss:1.7066	msle:1.6791	male:1.0034	mape:0.2743	pcc:0.7191
2024-04-09 19:05:24,588 - root - INFO - Epoch 45:
2024-04-09 19:52:34,262 - root - INFO - Epoch45: time_cost:1577.7748453617096 train_loss:0.24564942234175638
2024-04-09 19:52:34,262 - root - INFO - train: loss:0.1369	msle:0.1661	male:0.2978	mape:0.0736	pcc:0.9777
2024-04-09 19:52:34,262 - root - INFO - val: loss:1.7581	msle:1.6809	male:1.0087	mape:0.2699	pcc:0.7088
2024-04-09 19:52:34,262 - root - INFO - test: loss:1.6334	msle:1.6096	male:0.9829	mape:0.2612	pcc:0.7232
2024-04-09 19:52:36,984 - root - INFO - Epoch 46:
2024-04-09 20:39:55,833 - root - INFO - Epoch46: time_cost:1588.3576769828796 train_loss:0.23482381720979745
2024-04-09 20:39:55,833 - root - INFO - train: loss:0.1420	msle:0.1652	male:0.2984	mape:0.0749	pcc:0.9785
2024-04-09 20:39:55,833 - root - INFO - val: loss:1.7543	msle:1.6822	male:1.0097	mape:0.2712	pcc:0.7085
2024-04-09 20:39:55,834 - root - INFO - test: loss:1.6459	msle:1.6206	male:0.9865	mape:0.2634	pcc:0.7209
2024-04-09 20:39:57,931 - root - INFO - Epoch 47:
2024-04-09 21:27:41,759 - root - INFO - Epoch47: time_cost:1613.6416261196136 train_loss:0.23124140778828114
2024-04-09 21:27:41,759 - root - INFO - train: loss:0.1369	msle:0.1611	male:0.2980	mape:0.0741	pcc:0.9782
2024-04-09 21:27:41,759 - root - INFO - val: loss:1.7761	msle:1.7056	male:1.0135	mape:0.2726	pcc:0.7057
2024-04-09 21:27:41,759 - root - INFO - test: loss:1.6611	msle:1.6358	male:0.9913	mape:0.2646	pcc:0.7198
2024-04-09 21:27:43,858 - root - INFO - Epoch 48:
2024-04-09 22:19:26,461 - root - INFO - Epoch48: time_cost:1645.178953886032 train_loss:0.22626184244728764
2024-04-09 22:19:26,461 - root - INFO - train: loss:0.1378	msle:0.1633	male:0.2971	mape:0.0740	pcc:0.9784
2024-04-09 22:19:26,461 - root - INFO - val: loss:1.7782	msle:1.7037	male:1.0130	mape:0.2732	pcc:0.7062
2024-04-09 22:19:26,461 - root - INFO - test: loss:1.6549	msle:1.6298	male:0.9894	mape:0.2646	pcc:0.7206
2024-04-09 22:19:28,529 - root - INFO - Epoch 49:
2024-04-09 23:08:59,506 - root - INFO - Epoch49: time_cost:1720.73663687706 train_loss:0.21772001147246445
2024-04-09 23:08:59,506 - root - INFO - train: loss:0.1256	msle:0.1497	male:0.2829	mape:0.0695	pcc:0.9806
2024-04-09 23:08:59,506 - root - INFO - val: loss:1.7348	msle:1.6585	male:1.0005	mape:0.2665	pcc:0.7115
2024-04-09 23:08:59,507 - root - INFO - test: loss:1.6164	msle:1.5916	male:0.9778	mape:0.2586	pcc:0.7252
2024-04-09 23:09:02,208 - root - INFO - Epoch 50:
2024-04-09 23:59:50,354 - root - INFO - Epoch50: time_cost:1592.3532631397247 train_loss:0.21230328595709488
2024-04-09 23:59:50,355 - root - INFO - train: loss:0.1237	msle:0.1454	male:0.2806	mape:0.0698	pcc:0.9805
2024-04-09 23:59:50,355 - root - INFO - val: loss:1.7566	msle:1.6803	male:1.0068	mape:0.2703	pcc:0.7103
2024-04-09 23:59:50,355 - root - INFO - test: loss:1.6443	msle:1.6191	male:0.9865	mape:0.2627	pcc:0.7225
2024-04-09 23:59:52,412 - root - INFO - Epoch 51:
2024-04-10 00:47:03,051 - root - INFO - Epoch51: time_cost:1582.4575769901276 train_loss:0.2116252826561548
2024-04-10 00:47:03,051 - root - INFO - train: loss:0.1309	msle:0.1508	male:0.2875	mape:0.0720	pcc:0.9800
2024-04-10 00:47:03,051 - root - INFO - val: loss:1.7768	msle:1.6976	male:1.0112	mape:0.2728	pcc:0.7075
2024-04-10 00:47:03,051 - root - INFO - test: loss:1.6600	msle:1.6332	male:0.9884	mape:0.2649	pcc:0.7203
2024-04-10 00:47:05,152 - root - INFO - Epoch 52:
2024-04-10 01:34:10,656 - root - INFO - Epoch52: time_cost:1574.49711561203 train_loss:0.2059417407316684
2024-04-10 01:34:10,656 - root - INFO - train: loss:0.1071	msle:0.1284	male:0.2634	mape:0.0637	pcc:0.9820
2024-04-10 01:34:10,656 - root - INFO - val: loss:1.7405	msle:1.6642	male:1.0018	mape:0.2658	pcc:0.7119
2024-04-10 01:34:10,656 - root - INFO - test: loss:1.6241	msle:1.6022	male:0.9798	mape:0.2580	pcc:0.7243
2024-04-10 01:34:12,760 - root - INFO - Epoch 53:
2024-04-10 02:21:10,022 - root - INFO - Epoch53: time_cost:1573.7338314056396 train_loss:0.19806202680942045
2024-04-10 02:21:10,023 - root - INFO - train: loss:0.1260	msle:0.1448	male:0.2811	mape:0.0706	pcc:0.9812
2024-04-10 02:21:10,023 - root - INFO - val: loss:1.7663	msle:1.6891	male:1.0069	mape:0.2721	pcc:0.7100
2024-04-10 02:21:10,023 - root - INFO - test: loss:1.6522	msle:1.6270	male:0.9869	mape:0.2648	pcc:0.7223
2024-04-10 02:21:12,107 - root - INFO - Epoch 54:
2024-04-10 03:48:10,198 - root - INFO - Epoch54: time_cost:1585.715901374817 train_loss:0.1959059256341788
2024-04-10 03:48:10,198 - root - INFO - train: loss:0.1217	msle:0.1425	male:0.2783	mape:0.0698	pcc:0.9820
2024-04-10 03:48:10,198 - root - INFO - val: loss:1.7605	msle:1.6805	male:1.0037	mape:0.2709	pcc:0.7096
2024-04-10 03:48:10,198 - root - INFO - test: loss:1.6426	msle:1.6162	male:0.9829	mape:0.2633	pcc:0.7225
2024-04-10 03:48:12,253 - root - INFO - Epoch 55:
2024-04-10 04:35:01,438 - root - INFO - Epoch55: time_cost:1574.40341258049 train_loss:0.19192347299539317
2024-04-10 04:35:01,438 - root - INFO - train: loss:0.1196	msle:0.1338	male:0.2697	mape:0.0668	pcc:0.9823
2024-04-10 04:35:01,438 - root - INFO - val: loss:1.7644	msle:1.6846	male:1.0076	mape:0.2702	pcc:0.7075
2024-04-10 04:35:01,438 - root - INFO - test: loss:1.6399	msle:1.6103	male:0.9818	mape:0.2613	pcc:0.7224
2024-04-10 04:35:03,507 - root - INFO - Epoch 56:
2024-04-10 05:22:08,944 - root - INFO - Epoch56: time_cost:1581.5582048892975 train_loss:0.18278732799917574
2024-04-10 05:22:08,945 - root - INFO - train: loss:0.1055	msle:0.1234	male:0.2604	mape:0.0632	pcc:0.9831
2024-04-10 05:22:08,945 - root - INFO - val: loss:1.7417	msle:1.6649	male:1.0005	mape:0.2667	pcc:0.7109
2024-04-10 05:22:08,945 - root - INFO - test: loss:1.6227	msle:1.6032	male:0.9813	mape:0.2597	pcc:0.7234
2024-04-10 05:22:11,023 - root - INFO - Epoch 57:
2024-04-10 06:09:35,685 - root - INFO - Epoch57: time_cost:1595.7162821292877 train_loss:0.18769460802885202
2024-04-10 06:09:35,686 - root - INFO - train: loss:0.1311	msle:0.1428	male:0.2789	mape:0.0702	pcc:0.9814
2024-04-10 06:09:35,686 - root - INFO - val: loss:1.7872	msle:1.7050	male:1.0110	mape:0.2735	pcc:0.7059
2024-04-10 06:09:35,686 - root - INFO - test: loss:1.6643	msle:1.6388	male:0.9916	mape:0.2663	pcc:0.7190
2024-04-10 06:09:37,773 - root - INFO - Epoch 58:
2024-04-10 06:56:54,025 - root - INFO - Epoch58: time_cost:1575.8010792732239 train_loss:0.17744129959039368
2024-04-10 06:56:54,026 - root - INFO - train: loss:0.1208	msle:0.1349	male:0.2707	mape:0.0685	pcc:0.9833
2024-04-10 06:56:54,026 - root - INFO - val: loss:1.7601	msle:1.6795	male:1.0034	mape:0.2722	pcc:0.7108
2024-04-10 06:56:54,026 - root - INFO - test: loss:1.6407	msle:1.6149	male:0.9826	mape:0.2645	pcc:0.7238
2024-04-10 06:56:56,159 - root - INFO - Epoch 59:
2024-04-10 07:44:09,466 - root - INFO - Epoch59: time_cost:1594.0563139915466 train_loss:0.17617926659309147
2024-04-10 07:44:09,466 - root - INFO - train: loss:0.1150	msle:0.1281	male:0.2640	mape:0.0657	pcc:0.9828
2024-04-10 07:44:09,466 - root - INFO - val: loss:1.7578	msle:1.6780	male:1.0044	mape:0.2698	pcc:0.7099
2024-04-10 07:44:09,466 - root - INFO - test: loss:1.6397	msle:1.6149	male:0.9860	mape:0.2628	pcc:0.7225
2024-04-10 07:44:11,525 - root - INFO - Epoch 60:
2024-04-10 08:31:45,060 - root - INFO - Epoch60: time_cost:1576.3502304553986 train_loss:0.16957925970879872
2024-04-10 08:31:45,061 - root - INFO - train: loss:0.1051	msle:0.1177	male:0.2537	mape:0.0622	pcc:0.9838
2024-04-10 08:31:45,061 - root - INFO - val: loss:1.7407	msle:1.6656	male:1.0035	mape:0.2675	pcc:0.7117
2024-04-10 08:31:45,061 - root - INFO - test: loss:1.6232	msle:1.6008	male:0.9811	mape:0.2595	pcc:0.7246
2024-04-10 08:31:47,259 - root - INFO - Epoch 61:
2024-04-10 09:19:01,764 - root - INFO - Epoch61: time_cost:1582.2340824604034 train_loss:0.17027475891620114
2024-04-10 09:19:01,764 - root - INFO - train: loss:0.0981	msle:0.1129	male:0.2488	mape:0.0605	pcc:0.9847
2024-04-10 09:19:01,764 - root - INFO - val: loss:1.7345	msle:1.6597	male:1.0016	mape:0.2670	pcc:0.7125
2024-04-10 09:19:01,764 - root - INFO - test: loss:1.6276	msle:1.6038	male:0.9814	mape:0.2595	pcc:0.7236
2024-04-10 09:19:03,873 - root - INFO - Epoch 62:
2024-04-10 10:08:29,641 - root - INFO - Epoch62: time_cost:1601.4592320919037 train_loss:0.16472876730719752
2024-04-10 10:08:29,642 - root - INFO - train: loss:0.1040	msle:0.1163	male:0.2521	mape:0.0627	pcc:0.9849
2024-04-10 10:08:29,642 - root - INFO - val: loss:1.7375	msle:1.6624	male:1.0009	mape:0.2688	pcc:0.7126
2024-04-10 10:08:29,642 - root - INFO - test: loss:1.6234	msle:1.5979	male:0.9798	mape:0.2611	pcc:0.7255
2024-04-10 10:08:31,792 - root - INFO - Epoch 63:
2024-04-10 10:56:11,483 - root - INFO - Epoch63: time_cost:1562.6014785766602 train_loss:0.16200418512760426
2024-04-10 10:56:11,484 - root - INFO - train: loss:0.0973	msle:0.1113	male:0.2472	mape:0.0606	pcc:0.9856
2024-04-10 10:56:11,484 - root - INFO - val: loss:1.7203	msle:1.6448	male:0.9951	mape:0.2656	pcc:0.7150
2024-04-10 10:56:11,484 - root - INFO - test: loss:1.6126	msle:1.5852	male:0.9750	mape:0.2581	pcc:0.7270
2024-04-10 10:56:14,383 - root - INFO - Epoch 64:
2024-04-10 11:46:55,752 - root - INFO - Epoch64: time_cost:1711.588306903839 train_loss:0.1587463922462185
2024-04-10 11:46:55,753 - root - INFO - train: loss:0.1066	msle:0.1180	male:0.2555	mape:0.0629	pcc:0.9846
2024-04-10 11:46:55,753 - root - INFO - val: loss:1.7513	msle:1.6739	male:1.0030	mape:0.2689	pcc:0.7090
2024-04-10 11:46:55,753 - root - INFO - test: loss:1.6357	msle:1.6062	male:0.9820	mape:0.2611	pcc:0.7226
2024-04-10 11:46:57,905 - root - INFO - Epoch 65:
2024-04-10 12:55:03,850 - root - INFO - Epoch65: time_cost:1788.2693297863007 train_loss:0.15596780840355218
2024-04-10 12:55:03,851 - root - INFO - train: loss:0.0993	msle:0.1102	male:0.2474	mape:0.0608	pcc:0.9856
2024-04-10 12:55:03,851 - root - INFO - val: loss:1.7403	msle:1.6625	male:1.0004	mape:0.2684	pcc:0.7120
2024-04-10 12:55:03,851 - root - INFO - test: loss:1.6237	msle:1.5992	male:0.9791	mape:0.2604	pcc:0.7247
2024-04-10 12:55:06,829 - root - INFO - Epoch 66:
2024-04-10 14:18:23,531 - root - INFO - Epoch66: time_cost:2772.3112716674805 train_loss:0.15236312501850183
2024-04-10 14:18:23,531 - root - INFO - train: loss:0.0987	msle:0.1082	male:0.2470	mape:0.0611	pcc:0.9865
2024-04-10 14:18:23,531 - root - INFO - val: loss:1.7408	msle:1.6638	male:0.9989	mape:0.2693	pcc:0.7117
2024-04-10 14:18:23,531 - root - INFO - test: loss:1.6312	msle:1.6058	male:0.9811	mape:0.2621	pcc:0.7234
2024-04-10 14:18:27,323 - root - INFO - Epoch 67:
2024-04-10 15:51:48,008 - root - INFO - Epoch67: time_cost:3019.2428107261658 train_loss:0.15211638755238296
2024-04-10 15:51:48,008 - root - INFO - train: loss:0.0892	msle:0.1026	male:0.2394	mape:0.0578	pcc:0.9863
2024-04-10 15:51:48,008 - root - INFO - val: loss:1.7256	msle:1.6494	male:0.9983	mape:0.2657	pcc:0.7138
2024-04-10 15:51:48,008 - root - INFO - test: loss:1.6213	msle:1.5955	male:0.9792	mape:0.2587	pcc:0.7245
2024-04-10 15:51:50,645 - root - INFO - Epoch 68:
2024-04-10 17:15:52,679 - root - INFO - Epoch68: time_cost:2913.5225002765656 train_loss:0.14732336998748374
2024-04-10 17:15:52,679 - root - INFO - train: loss:0.0875	msle:0.0987	male:0.2331	mape:0.0549	pcc:0.9872
2024-04-10 17:15:52,680 - root - INFO - val: loss:1.7069	msle:1.6320	male:0.9927	mape:0.2605	pcc:0.7164
2024-04-10 17:15:52,680 - root - INFO - test: loss:1.5966	msle:1.5731	male:0.9738	mape:0.2537	pcc:0.7284
2024-04-10 17:15:56,601 - root - INFO - Epoch 69:
2024-04-10 18:36:14,898 - root - INFO - Epoch69: time_cost:2614.0519671440125 train_loss:0.14466579522369244
2024-04-10 18:36:14,899 - root - INFO - train: loss:0.0862	msle:0.0962	male:0.2301	mape:0.0558	pcc:0.9871
2024-04-10 18:36:14,899 - root - INFO - val: loss:1.7246	msle:1.6483	male:0.9971	mape:0.2648	pcc:0.7137
2024-04-10 18:36:14,899 - root - INFO - test: loss:1.6227	msle:1.5975	male:0.9810	mape:0.2587	pcc:0.7241
2024-04-10 18:36:17,055 - root - INFO - Epoch 70:
2024-04-10 19:37:12,943 - root - INFO - Epoch70: time_cost:2194.5222663879395 train_loss:0.14582249190730678
2024-04-10 19:37:12,943 - root - INFO - train: loss:0.0931	msle:0.1033	male:0.2407	mape:0.0558	pcc:0.9870
2024-04-10 19:37:12,943 - root - INFO - val: loss:1.7126	msle:1.6389	male:0.9945	mape:0.2599	pcc:0.7148
2024-04-10 19:37:12,943 - root - INFO - test: loss:1.6133	msle:1.5887	male:0.9778	mape:0.2538	pcc:0.7252
2024-04-10 19:37:15,192 - root - INFO - Epoch 71:
2024-04-10 20:31:37,053 - root - INFO - Epoch71: time_cost:1786.055605173111 train_loss:0.14147223938004833
2024-04-10 20:31:37,053 - root - INFO - train: loss:0.0838	msle:0.0961	male:0.2319	mape:0.0553	pcc:0.9874
2024-04-10 20:31:37,053 - root - INFO - val: loss:1.7162	msle:1.6434	male:0.9962	mape:0.2638	pcc:0.7144
2024-04-10 20:31:37,053 - root - INFO - test: loss:1.6101	msle:1.5881	male:0.9769	mape:0.2570	pcc:0.7256
2024-04-10 20:31:39,180 - root - INFO - Epoch 72:
2024-04-10 21:25:28,751 - root - INFO - Epoch72: time_cost:1793.8354783058167 train_loss:0.1370092723929082
2024-04-10 21:25:28,752 - root - INFO - train: loss:0.0886	msle:0.0971	male:0.2334	mape:0.0557	pcc:0.9872
2024-04-10 21:25:28,752 - root - INFO - val: loss:1.7136	msle:1.6408	male:0.9949	mape:0.2634	pcc:0.7147
2024-04-10 21:25:28,752 - root - INFO - test: loss:1.6090	msle:1.5887	male:0.9773	mape:0.2571	pcc:0.7254
2024-04-10 21:25:30,861 - root - INFO - Epoch 73:
2024-04-10 22:19:15,696 - root - INFO - Epoch73: time_cost:1817.8171980381012 train_loss:0.1355801064432378
2024-04-10 22:19:15,697 - root - INFO - train: loss:0.0869	msle:0.0978	male:0.2344	mape:0.0577	pcc:0.9873
2024-04-10 22:19:15,697 - root - INFO - val: loss:1.7376	msle:1.6592	male:0.9993	mape:0.2679	pcc:0.7132
2024-04-10 22:19:15,697 - root - INFO - test: loss:1.6169	msle:1.5950	male:0.9774	mape:0.2606	pcc:0.7260
2024-04-10 22:19:18,128 - root - INFO - Epoch 74:
2024-04-10 23:05:43,032 - root - INFO - Epoch74: time_cost:1556.4869377613068 train_loss:0.13266006200089978
2024-04-10 23:05:43,033 - root - INFO - train: loss:0.0881	msle:0.0999	male:0.2367	mape:0.0556	pcc:0.9878
2024-04-10 23:05:43,033 - root - INFO - val: loss:1.7167	msle:1.6418	male:0.9956	mape:0.2624	pcc:0.7134
2024-04-10 23:05:43,033 - root - INFO - test: loss:1.6118	msle:1.5872	male:0.9769	mape:0.2557	pcc:0.7249
2024-04-10 23:05:45,088 - root - INFO - Epoch 75:
2024-04-10 23:52:01,300 - root - INFO - Epoch75: time_cost:1544.86936545372 train_loss:0.1297743628081041
2024-04-10 23:52:01,300 - root - INFO - train: loss:0.0865	msle:0.0971	male:0.2324	mape:0.0544	pcc:0.9878
2024-04-10 23:52:01,300 - root - INFO - val: loss:1.7215	msle:1.6449	male:0.9966	mape:0.2626	pcc:0.7131
2024-04-10 23:52:01,301 - root - INFO - test: loss:1.6087	msle:1.5852	male:0.9761	mape:0.2557	pcc:0.7254
2024-04-10 23:52:03,373 - root - INFO - Epoch 76:
2024-04-11 00:38:12,688 - root - INFO - Epoch76: time_cost:1542.3962497711182 train_loss:0.1271761605458291
2024-04-11 00:38:12,688 - root - INFO - train: loss:0.0871	msle:0.0974	male:0.2334	mape:0.0540	pcc:0.9880
2024-04-11 00:38:12,688 - root - INFO - val: loss:1.7141	msle:1.6391	male:0.9953	mape:0.2599	pcc:0.7147
2024-04-11 00:38:12,688 - root - INFO - test: loss:1.6081	msle:1.5856	male:0.9776	mape:0.2536	pcc:0.7259
2024-04-11 00:38:14,750 - root - INFO - Epoch 77:
2024-04-11 01:24:41,409 - root - INFO - Epoch77: time_cost:1543.983430147171 train_loss:0.12700427846025364
2024-04-11 01:24:41,409 - root - INFO - train: loss:0.0860	msle:0.0945	male:0.2290	mape:0.0539	pcc:0.9881
2024-04-11 01:24:41,410 - root - INFO - val: loss:1.7068	msle:1.6300	male:0.9917	mape:0.2612	pcc:0.7161
2024-04-11 01:24:41,410 - root - INFO - test: loss:1.6029	msle:1.5777	male:0.9747	mape:0.2548	pcc:0.7270
2024-04-11 01:24:44,149 - root - INFO - Epoch 78:
2024-04-11 02:11:06,531 - root - INFO - Epoch78: time_cost:1548.8499348163605 train_loss:0.12535965248580477
2024-04-11 02:11:06,531 - root - INFO - train: loss:0.0903	msle:0.1006	male:0.2389	mape:0.0543	pcc:0.9883
2024-04-11 02:11:06,531 - root - INFO - val: loss:1.7100	msle:1.6356	male:0.9944	mape:0.2582	pcc:0.7158
2024-04-11 02:11:06,532 - root - INFO - test: loss:1.6072	msle:1.5834	male:0.9776	mape:0.2521	pcc:0.7269
2024-04-11 02:11:08,653 - root - INFO - Epoch 79:
2024-04-11 02:58:07,232 - root - INFO - Epoch79: time_cost:1556.8642978668213 train_loss:0.12277674221003361
2024-04-11 02:58:07,232 - root - INFO - train: loss:0.0882	msle:0.0964	male:0.2326	mape:0.0549	pcc:0.9877
2024-04-11 02:58:07,232 - root - INFO - val: loss:1.7284	msle:1.6512	male:0.9990	mape:0.2632	pcc:0.7121
2024-04-11 02:58:07,232 - root - INFO - test: loss:1.6160	msle:1.5888	male:0.9779	mape:0.2559	pcc:0.7248
2024-04-11 02:58:09,217 - root - INFO - Epoch 80:
2024-04-11 03:45:52,798 - root - INFO - Epoch80: time_cost:1590.8907754421234 train_loss:0.12118886548208246
2024-04-11 03:45:52,799 - root - INFO - train: loss:0.0835	msle:0.0930	male:0.2289	mape:0.0555	pcc:0.9885
2024-04-11 03:45:52,799 - root - INFO - val: loss:1.7182	msle:1.6412	male:0.9949	mape:0.2649	pcc:0.7145
2024-04-11 03:45:52,799 - root - INFO - test: loss:1.6132	msle:1.5882	male:0.9773	mape:0.2584	pcc:0.7253
2024-04-11 03:45:54,902 - root - INFO - Epoch 81:
2024-04-11 04:32:42,109 - root - INFO - Epoch81: time_cost:1559.3972902297974 train_loss:0.11913179238099633
2024-04-11 04:32:42,109 - root - INFO - train: loss:0.0707	msle:0.0803	male:0.2124	mape:0.0502	pcc:0.9892
2024-04-11 04:32:42,110 - root - INFO - val: loss:1.7159	msle:1.6391	male:0.9941	mape:0.2625	pcc:0.7152
2024-04-11 04:32:42,110 - root - INFO - test: loss:1.6124	msle:1.5871	male:0.9754	mape:0.2560	pcc:0.7258
2024-04-11 04:32:44,223 - root - INFO - Epoch 82:
2024-04-11 05:19:05,648 - root - INFO - Epoch82: time_cost:1548.3328263759613 train_loss:0.11791035681741996
2024-04-11 05:19:05,649 - root - INFO - train: loss:0.0789	msle:0.0870	male:0.2207	mape:0.0524	pcc:0.9885
2024-04-11 05:19:05,649 - root - INFO - val: loss:1.7156	msle:1.6396	male:0.9938	mape:0.2631	pcc:0.7147
2024-04-11 05:19:05,649 - root - INFO - test: loss:1.6087	msle:1.5860	male:0.9755	mape:0.2567	pcc:0.7257
2024-04-11 05:19:07,726 - root - INFO - Epoch 83:
2024-04-11 06:06:38,856 - root - INFO - Epoch83: time_cost:1559.3567998409271 train_loss:0.116830147645046
2024-04-11 06:06:38,856 - root - INFO - train: loss:0.0821	msle:0.0912	male:0.2271	mape:0.0531	pcc:0.9891
2024-04-11 06:06:38,856 - root - INFO - val: loss:1.7087	msle:1.6339	male:0.9920	mape:0.2617	pcc:0.7147
2024-04-11 06:06:38,856 - root - INFO - test: loss:1.6035	msle:1.5800	male:0.9732	mape:0.2548	pcc:0.7260
2024-04-11 06:06:41,013 - root - INFO - Epoch 84:
2024-04-11 06:54:03,624 - root - INFO - Epoch84: time_cost:1585.2487001419067 train_loss:0.11444240817928203
2024-04-11 06:54:03,624 - root - INFO - train: loss:0.0866	msle:0.0934	male:0.2295	mape:0.0553	pcc:0.9885
2024-04-11 06:54:03,624 - root - INFO - val: loss:1.7225	msle:1.6430	male:0.9955	mape:0.2651	pcc:0.7135
2024-04-11 06:54:03,624 - root - INFO - test: loss:1.6144	msle:1.5870	male:0.9759	mape:0.2579	pcc:0.7250
2024-04-11 06:54:05,735 - root - INFO - Epoch 85:
2024-04-11 07:41:01,109 - root - INFO - Epoch85: time_cost:1563.8947887420654 train_loss:0.11260161831782448
2024-04-11 07:41:01,109 - root - INFO - train: loss:0.0780	msle:0.0867	male:0.2218	mape:0.0522	pcc:0.9893
2024-04-11 07:41:01,109 - root - INFO - val: loss:1.7136	msle:1.6368	male:0.9945	mape:0.2615	pcc:0.7147
2024-04-11 07:41:01,109 - root - INFO - test: loss:1.6074	msle:1.5792	male:0.9735	mape:0.2541	pcc:0.7267
2024-04-11 07:41:03,230 - root - INFO - Epoch 86:
2024-04-11 08:29:37,383 - root - INFO - Epoch86: time_cost:1614.1325376033783 train_loss:0.10945030839557916
2024-04-11 08:29:37,383 - root - INFO - train: loss:0.0834	msle:0.0899	male:0.2244	mape:0.0536	pcc:0.9894
2024-04-11 08:29:37,384 - root - INFO - val: loss:1.7123	msle:1.6362	male:0.9921	mape:0.2637	pcc:0.7143
2024-04-11 08:29:37,384 - root - INFO - test: loss:1.6099	msle:1.5816	male:0.9736	mape:0.2568	pcc:0.7257
2024-04-11 08:29:39,522 - root - INFO - Epoch 87:
2024-04-11 15:51:36,704 - root - INFO - Epoch87: time_cost:13214.616588115692 train_loss:0.11115301017618369
2024-04-11 15:51:36,704 - root - INFO - train: loss:0.0849	msle:0.0915	male:0.2284	mape:0.0535	pcc:0.9890
2024-04-11 15:51:36,704 - root - INFO - val: loss:1.7137	msle:1.6375	male:0.9945	mape:0.2609	pcc:0.7144
2024-04-11 15:51:36,704 - root - INFO - test: loss:1.6119	msle:1.5819	male:0.9748	mape:0.2539	pcc:0.7260
2024-04-11 15:51:38,782 - root - INFO - Epoch 88:
2024-04-11 16:37:52,992 - root - INFO - Epoch88: time_cost:1555.8916606903076 train_loss:0.10781174324617646
2024-04-11 16:37:52,992 - root - INFO - train: loss:0.0802	msle:0.0851	male:0.2186	mape:0.0533	pcc:0.9896
2024-04-11 16:37:52,992 - root - INFO - val: loss:1.7235	msle:1.6458	male:0.9956	mape:0.2667	pcc:0.7140
2024-04-11 16:37:52,992 - root - INFO - test: loss:1.6084	msle:1.5841	male:0.9744	mape:0.2591	pcc:0.7264
2024-04-11 16:37:55,042 - root - INFO - Epoch 89:
2024-04-11 17:24:37,199 - root - INFO - Epoch89: time_cost:1577.714783668518 train_loss:0.10502947071028894
2024-04-11 17:24:37,199 - root - INFO - train: loss:0.0769	msle:0.0831	male:0.2162	mape:0.0527	pcc:0.9895
2024-04-11 17:24:37,199 - root - INFO - val: loss:1.7197	msle:1.6419	male:0.9946	mape:0.2654	pcc:0.7144
2024-04-11 17:24:37,199 - root - INFO - test: loss:1.6107	msle:1.5863	male:0.9760	mape:0.2585	pcc:0.7257
2024-04-11 17:24:39,240 - root - INFO - Epoch 90:
2024-04-11 18:10:26,696 - root - INFO - Epoch90: time_cost:1530.4900107383728 train_loss:0.10344121108913996
2024-04-11 18:10:26,696 - root - INFO - train: loss:0.0842	msle:0.0917	male:0.2285	mape:0.0541	pcc:0.9895
2024-04-11 18:10:26,696 - root - INFO - val: loss:1.7224	msle:1.6442	male:0.9971	mape:0.2635	pcc:0.7124
2024-04-11 18:10:26,696 - root - INFO - test: loss:1.6098	msle:1.5834	male:0.9758	mape:0.2560	pcc:0.7251
2024-04-11 18:10:28,775 - root - INFO - Epoch 91:
2024-04-11 18:56:23,000 - root - INFO - Epoch91: time_cost:1538.2343335151672 train_loss:0.1058600180441108
2024-04-11 18:56:23,000 - root - INFO - train: loss:0.0771	msle:0.0839	male:0.2192	mape:0.0516	pcc:0.9899
2024-04-11 18:56:23,000 - root - INFO - val: loss:1.7119	msle:1.6374	male:0.9948	mape:0.2624	pcc:0.7142
2024-04-11 18:56:23,000 - root - INFO - test: loss:1.6100	msle:1.5852	male:0.9758	mape:0.2557	pcc:0.7250
2024-04-11 18:56:25,042 - root - INFO - Epoch 92:
2024-04-11 19:42:04,583 - root - INFO - Epoch92: time_cost:1528.2225477695465 train_loss:0.10325778211963835
2024-04-11 19:42:04,584 - root - INFO - train: loss:0.0763	msle:0.0834	male:0.2178	mape:0.0506	pcc:0.9903
2024-04-11 19:42:04,584 - root - INFO - val: loss:1.6963	msle:1.6234	male:0.9912	mape:0.2601	pcc:0.7172
2024-04-11 19:42:04,584 - root - INFO - test: loss:1.5984	msle:1.5751	male:0.9727	mape:0.2537	pcc:0.7273
2024-04-11 19:42:07,389 - root - INFO - Epoch 93:
2024-04-11 20:27:39,462 - root - INFO - Epoch93: time_cost:1521.67760014534 train_loss:0.10068969742475466
2024-04-11 20:27:39,462 - root - INFO - train: loss:0.0805	msle:0.0874	male:0.2226	mape:0.0526	pcc:0.9896
2024-04-11 20:27:39,462 - root - INFO - val: loss:1.7137	msle:1.6359	male:0.9935	mape:0.2629	pcc:0.7144
2024-04-11 20:27:39,463 - root - INFO - test: loss:1.6108	msle:1.5828	male:0.9745	mape:0.2561	pcc:0.7254
2024-04-11 20:27:41,487 - root - INFO - Epoch 94:
2024-04-11 21:13:16,757 - root - INFO - Epoch94: time_cost:1523.941120147705 train_loss:0.09975461670744983
2024-04-11 21:13:16,758 - root - INFO - train: loss:0.0830	msle:0.0903	male:0.2266	mape:0.0526	pcc:0.9895
2024-04-11 21:13:16,758 - root - INFO - val: loss:1.7188	msle:1.6437	male:0.9973	mape:0.2625	pcc:0.7128
2024-04-11 21:13:16,758 - root - INFO - test: loss:1.6129	msle:1.5865	male:0.9766	mape:0.2552	pcc:0.7248
2024-04-11 21:13:18,823 - root - INFO - Epoch 95:
2024-04-11 21:58:53,474 - root - INFO - Epoch95: time_cost:1522.3553025722504 train_loss:0.10001656147503926
2024-04-11 21:58:53,474 - root - INFO - train: loss:0.0848	msle:0.0929	male:0.2311	mape:0.0528	pcc:0.9902
2024-04-11 21:58:53,474 - root - INFO - val: loss:1.7092	msle:1.6357	male:0.9952	mape:0.2604	pcc:0.7144
2024-04-11 21:58:53,474 - root - INFO - test: loss:1.6045	msle:1.5804	male:0.9744	mape:0.2534	pcc:0.7261
2024-04-11 21:58:55,494 - root - INFO - Epoch 96:
2024-04-11 22:44:33,063 - root - INFO - Epoch96: time_cost:1525.5253751277924 train_loss:0.09538611871794786
2024-04-11 22:44:33,063 - root - INFO - train: loss:0.0705	msle:0.0776	male:0.2105	mape:0.0498	pcc:0.9907
2024-04-11 22:44:33,063 - root - INFO - val: loss:1.7195	msle:1.6392	male:0.9938	mape:0.2631	pcc:0.7140
2024-04-11 22:44:33,063 - root - INFO - test: loss:1.6081	msle:1.5810	male:0.9733	mape:0.2559	pcc:0.7260
2024-04-11 22:44:35,093 - root - INFO - Epoch 97:
2024-04-11 23:30:14,798 - root - INFO - Epoch97: time_cost:1527.4503207206726 train_loss:0.09351627976698063
2024-04-11 23:30:14,798 - root - INFO - train: loss:0.0860	msle:0.0939	male:0.2316	mape:0.0539	pcc:0.9901
2024-04-11 23:30:14,798 - root - INFO - val: loss:1.7169	msle:1.6390	male:0.9958	mape:0.2624	pcc:0.7132
2024-04-11 23:30:14,798 - root - INFO - test: loss:1.6143	msle:1.5885	male:0.9771	mape:0.2555	pcc:0.7240
2024-04-11 23:30:16,834 - root - INFO - Epoch 98:
2024-04-12 00:15:53,971 - root - INFO - Epoch98: time_cost:1525.6873922348022 train_loss:0.0976202509289865
2024-04-12 00:15:53,971 - root - INFO - train: loss:0.0804	msle:0.0891	male:0.2262	mape:0.0514	pcc:0.9901
2024-04-12 00:15:53,971 - root - INFO - val: loss:1.7157	msle:1.6411	male:0.9963	mape:0.2602	pcc:0.7137
2024-04-12 00:15:53,971 - root - INFO - test: loss:1.6092	msle:1.5825	male:0.9756	mape:0.2530	pcc:0.7261
2024-04-12 00:15:56,036 - root - INFO - Epoch 99:
2024-04-12 01:01:45,479 - root - INFO - Epoch99: time_cost:1527.0470206737518 train_loss:0.09450036650001166
2024-04-12 01:01:45,479 - root - INFO - train: loss:0.0757	msle:0.0826	male:0.2172	mape:0.0502	pcc:0.9905
2024-04-12 01:01:45,480 - root - INFO - val: loss:1.7093	msle:1.6363	male:0.9951	mape:0.2613	pcc:0.7144
2024-04-12 01:01:45,480 - root - INFO - test: loss:1.6132	msle:1.5845	male:0.9760	mape:0.2545	pcc:0.7253
2024-04-12 01:01:47,511 - root - INFO - Epoch 100:
2024-04-12 01:47:27,453 - root - INFO - Epoch100: time_cost:1526.0364501476288 train_loss:0.09343873109018618
2024-04-12 01:47:27,453 - root - INFO - train: loss:0.0813	msle:0.0892	male:0.2262	mape:0.0521	pcc:0.9906
2024-04-12 01:47:27,453 - root - INFO - val: loss:1.6958	msle:1.6233	male:0.9909	mape:0.2600	pcc:0.7167
2024-04-12 01:47:27,453 - root - INFO - test: loss:1.5999	msle:1.5733	male:0.9711	mape:0.2529	pcc:0.7274
2024-04-12 01:47:29,495 - root - INFO - Epoch 101:
2024-04-12 02:33:04,975 - root - INFO - Epoch101: time_cost:1523.6982371807098 train_loss:0.09201332073540504
2024-04-12 02:33:04,976 - root - INFO - train: loss:0.0727	msle:0.0791	male:0.2131	mape:0.0500	pcc:0.9905
2024-04-12 02:33:04,976 - root - INFO - val: loss:1.7047	msle:1.6301	male:0.9935	mape:0.2620	pcc:0.7159
2024-04-12 02:33:04,976 - root - INFO - test: loss:1.6027	msle:1.5761	male:0.9725	mape:0.2548	pcc:0.7271
2024-04-12 02:33:07,050 - root - INFO - Epoch 102:
2024-04-12 03:18:53,312 - root - INFO - Epoch102: time_cost:1529.806661605835 train_loss:0.09061157342218427
2024-04-12 03:18:53,312 - root - INFO - train: loss:0.0798	msle:0.0846	male:0.2189	mape:0.0520	pcc:0.9901
2024-04-12 03:18:53,312 - root - INFO - val: loss:1.7113	msle:1.6336	male:0.9934	mape:0.2636	pcc:0.7148
2024-04-12 03:18:53,312 - root - INFO - test: loss:1.6052	msle:1.5785	male:0.9735	mape:0.2565	pcc:0.7263
2024-04-12 03:18:55,336 - root - INFO - Epoch 103:
2024-04-12 04:04:24,590 - root - INFO - Epoch103: time_cost:1520.4329009056091 train_loss:0.09095090328668863
2024-04-12 04:04:24,590 - root - INFO - train: loss:0.0739	msle:0.0809	male:0.2156	mape:0.0509	pcc:0.9908
2024-04-12 04:04:24,591 - root - INFO - val: loss:1.7028	msle:1.6283	male:0.9920	mape:0.2626	pcc:0.7157
2024-04-12 04:04:24,591 - root - INFO - test: loss:1.6057	msle:1.5782	male:0.9734	mape:0.2557	pcc:0.7262
2024-04-12 04:04:26,608 - root - INFO - Epoch 104:
2024-04-12 04:50:08,981 - root - INFO - Epoch104: time_cost:1520.685452222824 train_loss:0.08705910280951523
2024-04-12 04:50:08,981 - root - INFO - train: loss:0.0746	msle:0.0826	male:0.2179	mape:0.0506	pcc:0.9911
2024-04-12 04:50:08,981 - root - INFO - val: loss:1.6971	msle:1.6227	male:0.9901	mape:0.2608	pcc:0.7168
2024-04-12 04:50:08,981 - root - INFO - test: loss:1.6008	msle:1.5739	male:0.9727	mape:0.2545	pcc:0.7271
2024-04-12 04:50:11,022 - root - INFO - Epoch 105:
2024-04-12 05:36:00,181 - root - INFO - Epoch105: time_cost:1525.214952468872 train_loss:0.08759128732644139
2024-04-12 05:36:00,182 - root - INFO - train: loss:0.0785	msle:0.0854	male:0.2200	mape:0.0513	pcc:0.9900
2024-04-12 05:36:00,182 - root - INFO - val: loss:1.7128	msle:1.6368	male:0.9951	mape:0.2623	pcc:0.7141
2024-04-12 05:36:00,182 - root - INFO - test: loss:1.6070	msle:1.5789	male:0.9747	mape:0.2552	pcc:0.7262
2024-04-12 05:36:02,234 - root - INFO - Epoch 106:
2024-04-12 06:21:45,723 - root - INFO - Epoch106: time_cost:1531.5027408599854 train_loss:0.08764809244800907
2024-04-12 06:21:45,724 - root - INFO - train: loss:0.0817	msle:0.0878	male:0.2227	mape:0.0524	pcc:0.9901
2024-04-12 06:21:45,724 - root - INFO - val: loss:1.7150	msle:1.6368	male:0.9957	mape:0.2632	pcc:0.7139
2024-04-12 06:21:45,724 - root - INFO - test: loss:1.6194	msle:1.5866	male:0.9759	mape:0.2563	pcc:0.7245
2024-04-12 06:21:47,761 - root - INFO - Epoch 107:
2024-04-12 07:07:38,321 - root - INFO - Epoch107: time_cost:1525.7541315555573 train_loss:0.08619775128155784
2024-04-12 07:07:38,321 - root - INFO - train: loss:0.0820	msle:0.0880	male:0.2258	mape:0.0526	pcc:0.9905
2024-04-12 07:07:38,321 - root - INFO - val: loss:1.7054	msle:1.6269	male:0.9926	mape:0.2611	pcc:0.7160
2024-04-12 07:07:38,321 - root - INFO - test: loss:1.6084	msle:1.5779	male:0.9743	mape:0.2544	pcc:0.7264
2024-04-12 07:07:40,365 - root - INFO - Epoch 108:
2024-04-12 07:53:18,192 - root - INFO - Epoch108: time_cost:1525.3331699371338 train_loss:0.08466919848446672
2024-04-12 07:53:18,192 - root - INFO - train: loss:0.0634	msle:0.0694	male:0.1983	mape:0.0472	pcc:0.9913
2024-04-12 07:53:18,192 - root - INFO - val: loss:1.7079	msle:1.6293	male:0.9926	mape:0.2628	pcc:0.7165
2024-04-12 07:53:18,192 - root - INFO - test: loss:1.6056	msle:1.5761	male:0.9728	mape:0.2557	pcc:0.7274
2024-04-12 07:53:18,192 - root - INFO - No improvement over 15 epochs, stop training
2024-04-12 07:53:18,192 - root - INFO - Loading the best model at epoch 92
2024-04-12 07:53:18,393 - root - INFO - Loaded the best model at epoch 92 for inference
2024-04-12 08:13:30,589 - root - INFO - Runs:0
 {'train': {'msle': [2.0702, 2.0243, 1.9896, 1.9347, 1.8668, 1.7396, 1.6229, 1.5793, 1.4407, 1.2861, 1.156, 1.0728, 1.0506, 1.1538, 0.9333, 1.0004, 0.8623, 0.8982, 0.816, 0.7927, 0.6812, 0.5884, 0.5769, 0.4967, 0.4581, 0.4253, 0.3826, 0.3674, 0.3826, 0.3676, 0.4288, 0.3585, 0.3839, 0.2985, 0.3089, 0.2639, 0.2752, 0.2421, 0.2533, 0.2147, 0.2064, 0.2166, 0.1788, 0.1847, 0.2124, 0.1661, 0.1652, 0.1611, 0.1633, 0.1497, 0.1454, 0.1508, 0.1284, 0.1448, 0.1425, 0.1338, 0.1234, 0.1428, 0.1349, 0.1281, 0.1177, 0.1129, 0.1163, 0.1113, 0.118, 0.1102, 0.1082, 0.1026, 0.0987, 0.0962, 0.1033, 0.0961, 0.0971, 0.0978, 0.0999, 0.0971, 0.0974, 0.0945, 0.1006, 0.0964, 0.093, 0.0803, 0.087, 0.0912, 0.0934, 0.0867, 0.0899, 0.0915, 0.0851, 0.0831, 0.0917, 0.0839, 0.0834, 0.0874, 0.0903, 0.0929, 0.0776, 0.0939, 0.0891, 0.0826, 0.0892, 0.0791, 0.0846, 0.0809, 0.0826, 0.0854, 0.0878, 0.088, 0.0694, 0.0834], 'male': [1.1169, 1.1034, 1.0927, 1.0735, 1.0468, 1.0018, 0.9613, 0.9476, 0.9025, 0.8483, 0.8001, 0.7682, 0.7672, 0.8193, 0.7231, 0.7607, 0.7008, 0.7283, 0.6915, 0.6787, 0.62, 0.5748, 0.5725, 0.5218, 0.4982, 0.4775, 0.4541, 0.4481, 0.4581, 0.4533, 0.4971, 0.4483, 0.4686, 0.4097, 0.4169, 0.3801, 0.3927, 0.3636, 0.3734, 0.3395, 0.3326, 0.3453, 0.3098, 0.3167, 0.3475, 0.2978, 0.2984, 0.298, 0.2971, 0.2829, 0.2806, 0.2875, 0.2634, 0.2811, 0.2783, 0.2697, 0.2604, 0.2789, 0.2707, 0.264, 0.2537, 0.2488, 0.2521, 0.2472, 0.2555, 0.2474, 0.247, 0.2394, 0.2331, 0.2301, 0.2407, 0.2319, 0.2334, 0.2344, 0.2367, 0.2324, 0.2334, 0.229, 0.2389, 0.2326, 0.2289, 0.2124, 0.2207, 0.2271, 0.2295, 0.2218, 0.2244, 0.2284, 0.2186, 0.2162, 0.2285, 0.2192, 0.2178, 0.2226, 0.2266, 0.2311, 0.2105, 0.2316, 0.2262, 0.2172, 0.2262, 0.2131, 0.2189, 0.2156, 0.2179, 0.22, 0.2227, 0.2258, 0.1983, 0.2178], 'mape': [0.2972, 0.2945, 0.292, 0.2897, 0.288, 0.282, 0.2741, 0.2744, 0.26, 0.2425, 0.2263, 0.2166, 0.2164, 0.2347, 0.2037, 0.2146, 0.1962, 0.2033, 0.1917, 0.187, 0.1703, 0.1559, 0.1557, 0.1395, 0.1323, 0.1272, 0.1194, 0.1175, 0.1217, 0.1191, 0.1327, 0.1187, 0.1242, 0.1071, 0.1094, 0.0977, 0.1025, 0.0935, 0.097, 0.0864, 0.085, 0.0886, 0.0774, 0.079, 0.0897, 0.0736, 0.0749, 0.0741, 0.074, 0.0695, 0.0698, 0.072, 0.0637, 0.0706, 0.0698, 0.0668, 0.0632, 0.0702, 0.0685, 0.0657, 0.0622, 0.0605, 0.0627, 0.0606, 0.0629, 0.0608, 0.0611, 0.0578, 0.0549, 0.0558, 0.0558, 0.0553, 0.0557, 0.0577, 0.0556, 0.0544, 0.054, 0.0539, 0.0543, 0.0549, 0.0555, 0.0502, 0.0524, 0.0531, 0.0553, 0.0522, 0.0536, 0.0535, 0.0533, 0.0527, 0.0541, 0.0516, 0.0506, 0.0526, 0.0526, 0.0528, 0.0498, 0.0539, 0.0514, 0.0502, 0.0521, 0.05, 0.052, 0.0509, 0.0506, 0.0513, 0.0524, 0.0526, 0.0472, 0.0506], 'pcc': [0.629, 0.6379, 0.6462, 0.6605, 0.6813, 0.7215, 0.7569, 0.7824, 0.8055, 0.8292, 0.8469, 0.8595, 0.8698, 0.8777, 0.8914, 0.8945, 0.9055, 0.9109, 0.9185, 0.9194, 0.9262, 0.9346, 0.9384, 0.9403, 0.9429, 0.9476, 0.9516, 0.956, 0.9563, 0.9579, 0.9572, 0.9608, 0.9597, 0.9665, 0.9657, 0.9665, 0.9689, 0.9697, 0.9701, 0.9719, 0.9739, 0.9739, 0.976, 0.9748, 0.9759, 0.9777, 0.9785, 0.9782, 0.9784, 0.9806, 0.9805, 0.98, 0.982, 0.9812, 0.982, 0.9823, 0.9831, 0.9814, 0.9833, 0.9828, 0.9838, 0.9847, 0.9849, 0.9856, 0.9846, 0.9856, 0.9865, 0.9863, 0.9872, 0.9871, 0.987, 0.9874, 0.9872, 0.9873, 0.9878, 0.9878, 0.988, 0.9881, 0.9883, 0.9877, 0.9885, 0.9892, 0.9885, 0.9891, 0.9885, 0.9893, 0.9894, 0.989, 0.9896, 0.9895, 0.9895, 0.9899, 0.9903, 0.9896, 0.9895, 0.9902, 0.9907, 0.9901, 0.9901, 0.9905, 0.9906, 0.9905, 0.9901, 0.9908, 0.9911, 0.99, 0.9901, 0.9905, 0.9913, 0.9903], 'loss': [2.218517845142615, 2.139893566268585, 2.0833914080960407, 2.0095090132030715, 1.9252995139228521, 1.7670282823978176, 1.6396615772771932, 1.6017411927678589, 1.4336101759324071, 1.2632977940764825, 1.116310411010072, 1.0145287211894511, 0.990192662939714, 1.1141266683896673, 0.8669753845817151, 0.9383161990620349, 0.7896530181253516, 0.8287977050840459, 0.7399856097902874, 0.7104317821784173, 0.6080223475344658, 0.5147586460104668, 0.5012781973789796, 0.4341126962341816, 0.3895276572589529, 0.3648483438597166, 0.31987652305053876, 0.29823751773392804, 0.3273357728517735, 0.3063865734646586, 0.38585625583239774, 0.309559605322359, 0.3322885114716876, 0.2515760280536573, 0.26173217611069954, 0.22540345711076906, 0.23477124156937426, 0.20635740494713167, 0.22368901961617776, 0.18394667087345762, 0.17354152575989454, 0.18639627493455016, 0.14566782076665402, 0.15450618853685755, 0.19618136814304085, 0.13688703616429185, 0.14198997898115648, 0.13687535935801667, 0.13778021610622837, 0.12558561814269253, 0.12369369804031122, 0.1309185461009038, 0.10705736587380356, 0.1259751560839355, 0.12169582224398569, 0.11956670059330868, 0.10553881811096444, 0.13108434045505557, 0.1208116330747335, 0.11498879775414737, 0.10506942361542282, 0.098064649506344, 0.10401984130242323, 0.09728470263679578, 0.10663804361332006, 0.09934523188426127, 0.09868899057665582, 0.08918419648258472, 0.08754271918651385, 0.08618297970310121, 0.09314758443149178, 0.08377308798169708, 0.08860304983865391, 0.0868854252657631, 0.08809961660800605, 0.086504806319317, 0.08712705924941662, 0.0859953980187062, 0.09034119127089046, 0.08824208587782999, 0.08353315903360509, 0.07072688419853117, 0.07887361819120085, 0.08210788781562553, 0.08663095037842372, 0.07798187571156887, 0.08335688259663974, 0.08489868843793247, 0.0801583892808096, 0.07693891022997022, 0.08419136563337842, 0.0770954653067288, 0.0763135437634665, 0.08048060412357601, 0.08302658701540493, 0.08478462323816656, 0.07049964475009762, 0.08603118712408253, 0.08037196876814758, 0.0757355572234055, 0.08133592629105378, 0.07265944553999475, 0.07975999723418235, 0.07394371830613347, 0.07457621125537026, 0.07847770253163461, 0.08174024913782522, 0.08196314800951855, 0.06344335392571092, 0.0763135437634665]}, 'val': {'msle': [2.0337, 2.002, 1.9895, 1.9767, 1.9856, 1.9829, 1.9936, 2.0497, 2.027, 1.9851, 1.9267, 1.936, 1.9901, 2.1552, 1.985, 2.1086, 1.9986, 2.0892, 2.0494, 2.0732, 1.958, 1.9072, 1.8923, 1.8427, 1.8288, 1.7939, 1.7683, 1.7701, 1.7953, 1.7914, 1.8831, 1.8043, 1.8396, 1.7655, 1.7841, 1.754, 1.765, 1.7341, 1.7601, 1.7184, 1.7124, 1.7416, 1.6921, 1.7031, 1.7479, 1.6809, 1.6822, 1.7056, 1.7037, 1.6585, 1.6803, 1.6976, 1.6642, 1.6891, 1.6805, 1.6846, 1.6649, 1.705, 1.6795, 1.678, 1.6656, 1.6597, 1.6624, 1.6448, 1.6739, 1.6625, 1.6638, 1.6494, 1.632, 1.6483, 1.6389, 1.6434, 1.6408, 1.6592, 1.6418, 1.6449, 1.6391, 1.63, 1.6356, 1.6512, 1.6412, 1.6391, 1.6396, 1.6339, 1.643, 1.6368, 1.6362, 1.6375, 1.6458, 1.6419, 1.6442, 1.6374, 1.6234, 1.6359, 1.6437, 1.6357, 1.6392, 1.639, 1.6411, 1.6363, 1.6233, 1.6301, 1.6336, 1.6283, 1.6227, 1.6368, 1.6368, 1.6269, 1.6293, 1.6234], 'male': [1.1183, 1.1109, 1.1079, 1.1041, 1.1053, 1.1042, 1.1059, 1.119, 1.1144, 1.1035, 1.0855, 1.0875, 1.1042, 1.1468, 1.1005, 1.1359, 1.1041, 1.13, 1.1186, 1.1227, 1.09, 1.0762, 1.0718, 1.0559, 1.0519, 1.042, 1.0352, 1.0345, 1.0419, 1.0418, 1.0674, 1.0425, 1.0564, 1.033, 1.0405, 1.03, 1.0337, 1.0249, 1.0309, 1.0185, 1.0164, 1.0256, 1.012, 1.0151, 1.0261, 1.0087, 1.0097, 1.0135, 1.013, 1.0005, 1.0068, 1.0112, 1.0018, 1.0069, 1.0037, 1.0076, 1.0005, 1.011, 1.0034, 1.0044, 1.0035, 1.0016, 1.0009, 0.9951, 1.003, 1.0004, 0.9989, 0.9983, 0.9927, 0.9971, 0.9945, 0.9962, 0.9949, 0.9993, 0.9956, 0.9966, 0.9953, 0.9917, 0.9944, 0.999, 0.9949, 0.9941, 0.9938, 0.992, 0.9955, 0.9945, 0.9921, 0.9945, 0.9956, 0.9946, 0.9971, 0.9948, 0.9912, 0.9935, 0.9973, 0.9952, 0.9938, 0.9958, 0.9963, 0.9951, 0.9909, 0.9935, 0.9934, 0.992, 0.9901, 0.9951, 0.9957, 0.9926, 0.9926, 0.9912], 'mape': [0.2997, 0.2985, 0.2982, 0.3001, 0.3062, 0.3123, 0.3165, 0.3256, 0.3229, 0.3174, 0.3102, 0.3102, 0.3164, 0.336, 0.3159, 0.329, 0.3171, 0.3267, 0.3215, 0.3222, 0.3104, 0.304, 0.3037, 0.2948, 0.292, 0.2887, 0.2846, 0.2856, 0.2902, 0.2891, 0.301, 0.2907, 0.2954, 0.2857, 0.2882, 0.2818, 0.2858, 0.2793, 0.2835, 0.2765, 0.2767, 0.2808, 0.2724, 0.2729, 0.2827, 0.2699, 0.2712, 0.2726, 0.2732, 0.2665, 0.2703, 0.2728, 0.2658, 0.2721, 0.2709, 0.2702, 0.2667, 0.2735, 0.2722, 0.2698, 0.2675, 0.267, 0.2688, 0.2656, 0.2689, 0.2684, 0.2693, 0.2657, 0.2605, 0.2648, 0.2599, 0.2638, 0.2634, 0.2679, 0.2624, 0.2626, 0.2599, 0.2612, 0.2582, 0.2632, 0.2649, 0.2625, 0.2631, 0.2617, 0.2651, 0.2615, 0.2637, 0.2609, 0.2667, 0.2654, 0.2635, 0.2624, 0.2601, 0.2629, 0.2625, 0.2604, 0.2631, 0.2624, 0.2602, 0.2613, 0.26, 0.262, 0.2636, 0.2626, 0.2608, 0.2623, 0.2632, 0.2611, 0.2628, 0.2601], 'pcc': [0.6284, 0.6344, 0.6373, 0.6416, 0.6444, 0.6576, 0.6652, 0.6695, 0.6739, 0.6784, 0.6836, 0.6826, 0.6841, 0.6824, 0.6869, 0.6862, 0.6906, 0.6905, 0.6928, 0.6869, 0.6924, 0.6945, 0.6997, 0.6967, 0.6936, 0.6991, 0.7032, 0.7069, 0.7024, 0.7055, 0.6997, 0.7034, 0.7027, 0.7072, 0.7044, 0.7024, 0.7053, 0.7049, 0.7033, 0.7074, 0.7075, 0.7046, 0.7098, 0.7065, 0.7053, 0.7088, 0.7085, 0.7057, 0.7062, 0.7115, 0.7103, 0.7075, 0.7119, 0.71, 0.7096, 0.7075, 0.7109, 0.7059, 0.7108, 0.7099, 0.7117, 0.7125, 0.7126, 0.715, 0.709, 0.712, 0.7117, 0.7138, 0.7164, 0.7137, 0.7148, 0.7144, 0.7147, 0.7132, 0.7134, 0.7131, 0.7147, 0.7161, 0.7158, 0.7121, 0.7145, 0.7152, 0.7147, 0.7147, 0.7135, 0.7147, 0.7143, 0.7144, 0.714, 0.7144, 0.7124, 0.7142, 0.7172, 0.7144, 0.7128, 0.7144, 0.714, 0.7132, 0.7137, 0.7144, 0.7167, 0.7159, 0.7148, 0.7157, 0.7168, 0.7141, 0.7139, 0.716, 0.7165, 0.7172], 'loss': [2.1280228212043766, 2.091281487153574, 2.0767796497728654, 2.064217352341094, 2.078051169133552, 2.077138414776793, 2.092137724776024, 2.1520992130964176, 2.1237694095382267, 2.07797582745287, 2.0183689281188832, 2.0231523579709774, 2.0829925493429573, 2.2532470292689646, 2.0743625257612752, 2.198306915105622, 2.0857895630761862, 2.176955075541102, 2.1344598487745605, 2.1594448182962833, 2.044195622256553, 1.988913232236534, 1.9671038041403341, 1.9234489600037517, 1.9047635015423336, 1.8648954308077526, 1.8424644738401277, 1.8411226550313415, 1.874837732801162, 1.8664130252452706, 1.9698216909454005, 1.8850938632786753, 1.9213626097109617, 1.8397042775402426, 1.8593519621333827, 1.8329781224105497, 1.8413155865037638, 1.8145010044281262, 1.8381006158180886, 1.7960731371645573, 1.7891570429022954, 1.8177241136291193, 1.7678736276229232, 1.780572601440373, 1.8280667173837797, 1.7580876519322062, 1.7543102763648049, 1.7760899853372105, 1.77821970446025, 1.7347778074195872, 1.7566065290648547, 1.776780410746847, 1.7404913766428003, 1.7663313949253283, 1.7604963927794675, 1.7643989193589613, 1.741708536621142, 1.7871898584333248, 1.7601160770987991, 1.7577947609195321, 1.7407060338045015, 1.7344676661591387, 1.7374772951443473, 1.7203324519261514, 1.7513184645463504, 1.7402640105144154, 1.7407579841754657, 1.7255813355003804, 1.7069162144244865, 1.7245715734242695, 1.7125530865903618, 1.7162490368974268, 1.7136050258162712, 1.7376262957852067, 1.7166706847387982, 1.7215402198002927, 1.7141244053205142, 1.7068142333668286, 1.7100151615906627, 1.7284480420969004, 1.718163125473035, 1.7158572981433662, 1.7155530268885326, 1.7087187750589967, 1.7224888290906073, 1.7135599819290772, 1.7123429683185387, 1.7137014948475098, 1.7234751857348853, 1.7197168809863668, 1.7224005594195784, 1.71193981424694, 1.6963237323569473, 1.7137345476044155, 1.718820117310314, 1.7091931207517528, 1.7194715369928886, 1.716889183144495, 1.7157249549438414, 1.7092552266677963, 1.6957744222422069, 1.7046976409960575, 1.7112999698535944, 1.7028249718494544, 1.6971254846210881, 1.7127577923596273, 1.7149880667886706, 1.7054175805154537, 1.7078966869493057, 1.6963237323569473]}, 'test': {'msle': [2.0377, 2.0054, 1.9928, 1.9793, 1.981, 1.9765, 1.9802, 2.0323, 2.005, 1.9523, 1.8932, 1.8959, 1.94, 2.1005, 1.9262, 2.0416, 1.9336, 2.0191, 1.9769, 1.9988, 1.8851, 1.8261, 1.8287, 1.7765, 1.7498, 1.7192, 1.6953, 1.7015, 1.7352, 1.7364, 1.8254, 1.7347, 1.773, 1.7016, 1.7184, 1.6826, 1.6933, 1.6659, 1.6882, 1.6486, 1.6453, 1.6721, 1.6355, 1.6362, 1.6791, 1.6096, 1.6206, 1.6358, 1.6298, 1.5916, 1.6191, 1.6332, 1.6022, 1.627, 1.6162, 1.6103, 1.6032, 1.6388, 1.6149, 1.6149, 1.6008, 1.6038, 1.5979, 1.5852, 1.6062, 1.5992, 1.6058, 1.5955, 1.5731, 1.5975, 1.5887, 1.5881, 1.5887, 1.595, 1.5872, 1.5852, 1.5856, 1.5777, 1.5834, 1.5888, 1.5882, 1.5871, 1.586, 1.58, 1.587, 1.5792, 1.5816, 1.5819, 1.5841, 1.5863, 1.5834, 1.5852, 1.5751, 1.5828, 1.5865, 1.5804, 1.581, 1.5885, 1.5825, 1.5845, 1.5733, 1.5761, 1.5785, 1.5782, 1.5739, 1.5789, 1.5866, 1.5779, 1.5761, 1.5751], 'male': [1.1158, 1.1073, 1.1029, 1.0976, 1.096, 1.0924, 1.0922, 1.1051, 1.098, 1.0841, 1.0664, 1.0671, 1.0817, 1.1284, 1.0768, 1.1142, 1.0817, 1.1081, 1.095, 1.099, 1.0672, 1.0498, 1.0513, 1.0356, 1.0282, 1.0178, 1.0109, 1.0104, 1.0186, 1.0228, 1.0492, 1.0226, 1.0328, 1.0092, 1.0153, 1.0061, 1.0083, 1.0007, 1.0066, 0.9964, 0.9954, 1.0026, 0.9903, 0.9913, 1.0034, 0.9829, 0.9865, 0.9913, 0.9894, 0.9778, 0.9865, 0.9884, 0.9798, 0.9869, 0.9829, 0.9818, 0.9813, 0.9916, 0.9826, 0.986, 0.9811, 0.9814, 0.9798, 0.975, 0.982, 0.9791, 0.9811, 0.9792, 0.9738, 0.981, 0.9778, 0.9769, 0.9773, 0.9774, 0.9769, 0.9761, 0.9776, 0.9747, 0.9776, 0.9779, 0.9773, 0.9754, 0.9755, 0.9732, 0.9759, 0.9735, 0.9736, 0.9748, 0.9744, 0.976, 0.9758, 0.9758, 0.9727, 0.9745, 0.9766, 0.9744, 0.9733, 0.9771, 0.9756, 0.976, 0.9711, 0.9725, 0.9735, 0.9734, 0.9727, 0.9747, 0.9759, 0.9743, 0.9728, 0.9727], 'mape': [0.2982, 0.297, 0.2961, 0.2976, 0.3029, 0.3084, 0.3122, 0.3207, 0.3173, 0.3107, 0.3035, 0.3028, 0.3083, 0.3285, 0.3074, 0.3208, 0.3088, 0.3184, 0.3127, 0.3133, 0.3019, 0.2947, 0.2957, 0.2867, 0.283, 0.2799, 0.2759, 0.2768, 0.2816, 0.2817, 0.2934, 0.2829, 0.2871, 0.2773, 0.279, 0.273, 0.2767, 0.2709, 0.2748, 0.2685, 0.2687, 0.2724, 0.2647, 0.2647, 0.2743, 0.2612, 0.2634, 0.2646, 0.2646, 0.2586, 0.2627, 0.2649, 0.258, 0.2648, 0.2633, 0.2613, 0.2597, 0.2663, 0.2645, 0.2628, 0.2595, 0.2595, 0.2611, 0.2581, 0.2611, 0.2604, 0.2621, 0.2587, 0.2537, 0.2587, 0.2538, 0.257, 0.2571, 0.2606, 0.2557, 0.2557, 0.2536, 0.2548, 0.2521, 0.2559, 0.2584, 0.256, 0.2567, 0.2548, 0.2579, 0.2541, 0.2568, 0.2539, 0.2591, 0.2585, 0.256, 0.2557, 0.2537, 0.2561, 0.2552, 0.2534, 0.2559, 0.2555, 0.253, 0.2545, 0.2529, 0.2548, 0.2565, 0.2557, 0.2545, 0.2552, 0.2563, 0.2544, 0.2557, 0.2537], 'pcc': [0.6286, 0.6346, 0.6374, 0.6416, 0.646, 0.6592, 0.6686, 0.6732, 0.6785, 0.6853, 0.6907, 0.6909, 0.694, 0.6927, 0.6984, 0.6986, 0.7034, 0.7038, 0.7072, 0.7016, 0.7067, 0.7104, 0.7124, 0.7096, 0.7093, 0.7138, 0.7175, 0.7199, 0.7145, 0.7166, 0.7114, 0.7171, 0.7157, 0.7198, 0.7175, 0.7165, 0.7194, 0.7188, 0.7178, 0.7215, 0.7212, 0.7185, 0.7211, 0.7199, 0.7191, 0.7232, 0.7209, 0.7198, 0.7206, 0.7252, 0.7225, 0.7203, 0.7243, 0.7223, 0.7225, 0.7224, 0.7234, 0.719, 0.7238, 0.7225, 0.7246, 0.7236, 0.7255, 0.727, 0.7226, 0.7247, 0.7234, 0.7245, 0.7284, 0.7241, 0.7252, 0.7256, 0.7254, 0.726, 0.7249, 0.7254, 0.7259, 0.727, 0.7269, 0.7248, 0.7253, 0.7258, 0.7257, 0.726, 0.725, 0.7267, 0.7257, 0.726, 0.7264, 0.7257, 0.7251, 0.725, 0.7273, 0.7254, 0.7248, 0.7261, 0.726, 0.724, 0.7261, 0.7253, 0.7274, 0.7271, 0.7263, 0.7262, 0.7271, 0.7262, 0.7245, 0.7264, 0.7274, 0.7273], 'loss': [2.09174191238932, 2.051522708758978, 2.037054887716072, 2.0229811898687458, 2.0244569903214225, 2.0176402565612097, 2.02652673059335, 2.0832621692646818, 2.0536249945454843, 1.995335208118095, 1.9363136675920114, 1.9403382109449103, 1.9859431749984005, 2.152113942040723, 1.9731701186852506, 2.092308108450792, 1.9792772653263857, 2.061482799767449, 2.0148769120367636, 2.0409966231610293, 1.923416227167694, 1.8621257957921633, 1.8636636048945772, 1.8141576085840174, 1.7891103060357012, 1.7531235630145783, 1.7313124026375715, 1.7306259861507958, 1.7687913741748198, 1.7651239966454748, 1.8658876844385872, 1.7676987639933386, 1.8054541864426232, 1.7313367121192504, 1.7478716026932564, 1.7219162207558507, 1.721203732149595, 1.6972001779882053, 1.7200825411953422, 1.6735399235573487, 1.6700216779235801, 1.6992252926790417, 1.6612830989842018, 1.6607366000127306, 1.7066023108440038, 1.6334103709179149, 1.6458947965322925, 1.6610528033876288, 1.6548741585704951, 1.6164088440765638, 1.6442703256420856, 1.6599554329631234, 1.6240834590548545, 1.652226691808984, 1.6425628693083458, 1.6398803481799868, 1.6227481829100354, 1.6643387010667303, 1.6406766503255685, 1.639672987831535, 1.623249305324618, 1.6275782101456717, 1.6233989127571604, 1.6126110886186176, 1.6357296200877423, 1.623650952241972, 1.63115259369737, 1.621330412221871, 1.5965870847392991, 1.6227113192249976, 1.6132704208411552, 1.610116160037507, 1.6089790650447064, 1.616920728387421, 1.6117528234445655, 1.6086673128426532, 1.608149242870785, 1.6028565522642442, 1.6071680879958443, 1.6160398609406506, 1.613177711781024, 1.6123763057090452, 1.6086769176927618, 1.6034516534819794, 1.6144057143910253, 1.6074027912461653, 1.6099336950132035, 1.6118612823444642, 1.6083586438126245, 1.6106805184231525, 1.6098452112368316, 1.6099654750099184, 1.5983766915857733, 1.6107550578890173, 1.6128741242874927, 1.6045126366731137, 1.6080680269959209, 1.614338877717612, 1.6091876886558025, 1.6131590238074074, 1.5998902870478364, 1.6026903675884687, 1.6051853444621946, 1.6056516052309862, 1.6007582236907627, 1.6069798661392962, 1.6194228678059701, 1.6084069253435358, 1.6055648004998555, 1.5983766915857733]}}
2024-04-12 08:13:31,419 - root - INFO - Final: msle:1.5751 male:0.9727 mape:0.2537 pcc:0.7273
